2025-05-07 14:59:15.6921|INFO|Microsoft.AspNetCore.DataProtection.KeyManagement.XmlKeyManager|User profile is available. Using 'D:\Users\ricardo.solares\AppData\Local\ASP.NET\DataProtection-Keys' as key repository and Windows DPAPI to encrypt keys at rest. 
2025-05-07 14:59:17.4864|INFO|Microsoft.AspNetCore.Hosting.Internal.WebHost|Request starting HTTP/1.1 DEBUG http://localhost:50246/  0 
2025-05-07 14:59:17.6319|INFO|Microsoft.AspNetCore.Hosting.Internal.WebHost|Request finished in 144.4171ms 200  
2025-05-07 14:59:24.0358|INFO|Microsoft.AspNetCore.Hosting.Internal.WebHost|Request starting HTTP/1.1 GET http://localhost:50246/IGT/Servicio/ServiceTimer   
2025-05-07 14:59:24.8894|INFO|Microsoft.AspNetCore.Mvc.Internal.ControllerActionInvoker|Route matched with {action = "ServiceTimer", controller = "Servicio"}. Executing controller action with signature Microsoft.AspNetCore.Mvc.ActionResult`1[System.String] serviceTimer() on controller ShoppingCenter.WebServices.Base.Controllers.ServicioController (WebServicesShoppingCenter). 
2025-05-07 14:59:24.9229|INFO|Microsoft.AspNetCore.Mvc.Internal.ControllerActionInvoker|Executing action method ShoppingCenter.WebServices.Base.Controllers.ServicioController.serviceTimer (WebServicesShoppingCenter) - Validation state: Valid 
2025-05-07 15:02:23.2909|INFO|Microsoft.AspNetCore.DataProtection.KeyManagement.XmlKeyManager|User profile is available. Using 'D:\Users\ricardo.solares\AppData\Local\ASP.NET\DataProtection-Keys' as key repository and Windows DPAPI to encrypt keys at rest. 
2025-05-07 15:02:24.2174|INFO|Microsoft.AspNetCore.Hosting.Internal.WebHost|Request starting HTTP/1.1 DEBUG http://localhost:50246/  0 
2025-05-07 15:02:24.2837|INFO|Microsoft.AspNetCore.Hosting.Internal.WebHost|Request finished in 64.4872ms 200  
2025-05-07 15:02:40.5121|INFO|Microsoft.AspNetCore.Hosting.Internal.WebHost|Request starting HTTP/1.1 GET http://localhost:50246/IGT/Servicio/ServiceTimer   
2025-05-07 15:02:41.0828|INFO|Microsoft.AspNetCore.Mvc.Internal.ControllerActionInvoker|Route matched with {action = "ServiceTimer", controller = "Servicio"}. Executing controller action with signature Microsoft.AspNetCore.Mvc.ActionResult`1[System.String] serviceTimer() on controller ShoppingCenter.WebServices.Base.Controllers.ServicioController (WebServicesShoppingCenter). 
2025-05-07 15:02:41.1088|INFO|Microsoft.AspNetCore.Mvc.Internal.ControllerActionInvoker|Executing action method ShoppingCenter.WebServices.Base.Controllers.ServicioController.serviceTimer (WebServicesShoppingCenter) - Validation state: Valid 
2025-05-07 15:44:37.1988|INFO|Microsoft.AspNetCore.DataProtection.KeyManagement.XmlKeyManager|User profile is available. Using 'D:\Users\ricardo.solares\AppData\Local\ASP.NET\DataProtection-Keys' as key repository and Windows DPAPI to encrypt keys at rest. 
2025-05-07 15:44:38.1628|INFO|Microsoft.AspNetCore.Hosting.Internal.WebHost|Request starting HTTP/1.1 DEBUG http://localhost:50246/  0 
2025-05-07 15:44:38.2410|INFO|Microsoft.AspNetCore.Hosting.Internal.WebHost|Request finished in 76.0223ms 200  
2025-05-07 15:45:06.6239|INFO|Microsoft.AspNetCore.Hosting.Internal.WebHost|Request starting HTTP/1.1 GET http://localhost:50246/IGT/Servicio/ServiceTimer   
2025-05-07 15:45:07.5333|INFO|Microsoft.AspNetCore.Mvc.Internal.ControllerActionInvoker|Route matched with {action = "ServiceTimer", controller = "Servicio"}. Executing controller action with signature Microsoft.AspNetCore.Mvc.ActionResult`1[System.String] serviceTimer() on controller ShoppingCenter.WebServices.Base.Controllers.ServicioController (WebServicesShoppingCenter). 
2025-05-07 15:45:07.5902|INFO|Microsoft.AspNetCore.Mvc.Internal.ControllerActionInvoker|Executing action method ShoppingCenter.WebServices.Base.Controllers.ServicioController.serviceTimer (WebServicesShoppingCenter) - Validation state: Valid 
2025-05-07 15:54:09.4646|INFO|Microsoft.AspNetCore.DataProtection.KeyManagement.XmlKeyManager|User profile is available. Using 'D:\Users\ricardo.solares\AppData\Local\ASP.NET\DataProtection-Keys' as key repository and Windows DPAPI to encrypt keys at rest. 
2025-05-07 15:54:10.6024|INFO|Microsoft.AspNetCore.Hosting.Internal.WebHost|Request starting HTTP/1.1 DEBUG http://localhost:50246/  0 
2025-05-07 15:54:10.6833|INFO|Microsoft.AspNetCore.Hosting.Internal.WebHost|Request finished in 79.0039ms 200  
2025-05-07 15:54:18.1048|INFO|Microsoft.AspNetCore.Hosting.Internal.WebHost|Request starting HTTP/1.1 GET http://localhost:50246/IGT/Servicio/ServiceTimer   
2025-05-07 15:54:18.9094|INFO|Microsoft.AspNetCore.Mvc.Internal.ControllerActionInvoker|Route matched with {action = "ServiceTimer", controller = "Servicio"}. Executing controller action with signature Microsoft.AspNetCore.Mvc.ActionResult`1[System.String] serviceTimer() on controller ShoppingCenter.WebServices.Base.Controllers.ServicioController (WebServicesShoppingCenter). 
2025-05-07 15:54:18.9666|INFO|Microsoft.AspNetCore.Mvc.Internal.ControllerActionInvoker|Executing action method ShoppingCenter.WebServices.Base.Controllers.ServicioController.serviceTimer (WebServicesShoppingCenter) - Validation state: Valid 
2025-05-07 15:57:13.7976|INFO|Microsoft.AspNetCore.DataProtection.KeyManagement.XmlKeyManager|User profile is available. Using 'D:\Users\ricardo.solares\AppData\Local\ASP.NET\DataProtection-Keys' as key repository and Windows DPAPI to encrypt keys at rest. 
2025-05-07 15:57:15.0016|INFO|Microsoft.AspNetCore.Hosting.Internal.WebHost|Request starting HTTP/1.1 DEBUG http://localhost:50246/  0 
2025-05-07 15:57:15.0753|INFO|Microsoft.AspNetCore.Hosting.Internal.WebHost|Request finished in 71.2655ms 200  
2025-05-07 15:57:24.6041|INFO|Microsoft.AspNetCore.Hosting.Internal.WebHost|Request starting HTTP/1.1 GET http://localhost:50246/IGT/Servicio/ServiceTimer   
2025-05-07 15:57:25.3429|INFO|Microsoft.AspNetCore.Mvc.Internal.ControllerActionInvoker|Route matched with {action = "ServiceTimer", controller = "Servicio"}. Executing controller action with signature Microsoft.AspNetCore.Mvc.ActionResult`1[System.String] serviceTimer() on controller ShoppingCenter.WebServices.Base.Controllers.ServicioController (WebServicesShoppingCenter). 
2025-05-07 15:57:25.3747|INFO|Microsoft.AspNetCore.Mvc.Internal.ControllerActionInvoker|Executing action method ShoppingCenter.WebServices.Base.Controllers.ServicioController.serviceTimer (WebServicesShoppingCenter) - Validation state: Valid 
2025-05-07 15:58:25.1489|INFO|Microsoft.AspNetCore.Mvc.Internal.ControllerActionInvoker|Executed action method ShoppingCenter.WebServices.Base.Controllers.ServicioController.serviceTimer (WebServicesShoppingCenter), returned result Microsoft.AspNetCore.Mvc.ObjectResult in 59762.3562ms. 
2025-05-07 15:58:25.1926|INFO|Microsoft.AspNetCore.Mvc.Infrastructure.ObjectResultExecutor|Executing ObjectResult, writing value of type 'System.String'. 
2025-05-07 15:58:25.2366|INFO|Microsoft.AspNetCore.Mvc.Internal.ControllerActionInvoker|Executed action ShoppingCenter.WebServices.Base.Controllers.ServicioController.serviceTimer (WebServicesShoppingCenter) in 59882.9789ms 
2025-05-07 15:58:25.2618|INFO|Microsoft.AspNetCore.Hosting.Internal.WebHost|Request finished in 60658.3205ms 200 text/plain; charset=utf-8 
2025-05-07 15:58:54.4059|INFO|Microsoft.AspNetCore.Hosting.Internal.WebHost|Request starting HTTP/1.1 GET http://localhost:50246/IGT/Servicio/ServiceTimer   
2025-05-07 15:58:54.4228|INFO|Microsoft.AspNetCore.Mvc.Internal.ControllerActionInvoker|Route matched with {action = "ServiceTimer", controller = "Servicio"}. Executing controller action with signature Microsoft.AspNetCore.Mvc.ActionResult`1[System.String] serviceTimer() on controller ShoppingCenter.WebServices.Base.Controllers.ServicioController (WebServicesShoppingCenter). 
2025-05-07 15:58:54.4283|INFO|Microsoft.AspNetCore.Mvc.Internal.ControllerActionInvoker|Executing action method ShoppingCenter.WebServices.Base.Controllers.ServicioController.serviceTimer (WebServicesShoppingCenter) - Validation state: Valid 
