2025-04-29 08:50:57.4065|INFO|Microsoft.AspNetCore.DataProtection.KeyManagement.XmlKeyManager|User profile is available. Using 'D:\Users\ricardo.solares\AppData\Local\ASP.NET\DataProtection-Keys' as key repository and Windows DPAPI to encrypt keys at rest. 
2025-04-29 08:50:59.0045|INFO|Microsoft.AspNetCore.Hosting.Internal.WebHost|Request starting HTTP/1.1 GET http://localhost:50246/IGT/Consola/GetTipoIbjetos application/json; charset=utf-8 0 
2025-04-29 08:50:59.0045|INFO|Microsoft.AspNetCore.Hosting.Internal.WebHost|Request starting HTTP/1.1 GET http://localhost:50246/IGT/Servicio/ServiceTimer application/json; charset=utf-8 0 
2025-04-29 08:50:59.0045|INFO|Microsoft.AspNetCore.Hosting.Internal.WebHost|Request starting HTTP/1.1 DEBUG http://localhost:50246/  0 
2025-04-29 08:50:59.1290|INFO|Microsoft.AspNetCore.Hosting.Internal.WebHost|Request finished in 122.1937ms 200  
2025-04-29 08:50:59.9080|INFO|Microsoft.AspNetCore.Mvc.Internal.ControllerActionInvoker|Route matched with {action = "GetTipoIbjetos", controller = "Consola"}. Executing controller action with signature Microsoft.AspNetCore.Mvc.ActionResult`1[System.String] getTipoObjetos() on controller ShoppingCenter.WebServices.Base.Controllers.ConsolaController (WebServicesShoppingCenter). 
2025-04-29 08:50:59.9080|INFO|Microsoft.AspNetCore.Mvc.Internal.ControllerActionInvoker|Route matched with {action = "ServiceTimer", controller = "Servicio"}. Executing controller action with signature Microsoft.AspNetCore.Mvc.ActionResult`1[System.String] serviceTimer() on controller ShoppingCenter.WebServices.Base.Controllers.ServicioController (WebServicesShoppingCenter). 
2025-04-29 08:50:59.9415|INFO|Microsoft.AspNetCore.Mvc.Internal.ControllerActionInvoker|Executing action method ShoppingCenter.WebServices.Base.Controllers.ConsolaController.getTipoObjetos (WebServicesShoppingCenter) - Validation state: Valid 
2025-04-29 08:50:59.9415|INFO|Microsoft.AspNetCore.Mvc.Internal.ControllerActionInvoker|Executing action method ShoppingCenter.WebServices.Base.Controllers.ServicioController.serviceTimer (WebServicesShoppingCenter) - Validation state: Valid 
2025-04-29 08:56:09.4211|ERROR|ShoppingCenter.WebServices.Base.Log|Ocurrió un error inesperado en getTipoObjetos. Error: ERROR [42S02] [SAP AG][LIBODBCHDB DLL][HDBODBC] Base table or view not found;259 invalid table name:  Could not find table/view T_TIPO_OBJETO in schema BD_INTERMEDIA_SHOPPING: line 1 col 63 (at pos 62) 
2025-04-29 08:56:09.4211|ERROR|ShoppingCenter.WebServices.Base.Log|Ocurrió un error inesperado en getTipoObjetos. Error: ERROR [42S02] [SAP AG][LIBODBCHDB DLL][HDBODBC] Base table or view not found;259 invalid table name:  Could not find table/view T_TIPO_OBJETO in schema BD_INTERMEDIA_SHOPPING: line 1 col 63 (at pos 62) |url: http://localhost/IGT/Consola/GetTipoIbjetos|action: GetTipoIbjetos
2025-04-29 08:56:09.5242|INFO|Microsoft.AspNetCore.Mvc.Internal.ControllerActionInvoker|Executed action method ShoppingCenter.WebServices.Base.Controllers.ConsolaController.getTipoObjetos (WebServicesShoppingCenter), returned result Microsoft.AspNetCore.Mvc.BadRequestObjectResult in 309581.904ms. 
2025-04-29 08:56:09.5516|INFO|Microsoft.AspNetCore.Mvc.Infrastructure.ObjectResultExecutor|Executing ObjectResult, writing value of type 'System.String'. 
2025-04-29 08:56:09.5784|INFO|Microsoft.AspNetCore.Mvc.Internal.ControllerActionInvoker|Executed action ShoppingCenter.WebServices.Base.Controllers.ConsolaController.getTipoObjetos (WebServicesShoppingCenter) in 309670.8181ms 
2025-04-29 08:56:09.6278|INFO|Microsoft.AspNetCore.Hosting.Internal.WebHost|Request finished in 310637.4071ms 400 text/plain; charset=utf-8 
2025-04-29 08:56:09.8734|INFO|ShoppingCenter.WebServices.Base.Log|*************** Log *************** 
2025-04-29 08:56:09.8734|INFO|ShoppingCenter.WebServices.Base.Log|*************** Log *************** |url: http://localhost/IGT/Servicio/ServiceTimer|action: ServiceTimer
2025-04-29 08:56:30.7601|INFO|Microsoft.AspNetCore.Mvc.Internal.ControllerActionInvoker|Executed action ShoppingCenter.WebServices.Base.Controllers.ServicioController.serviceTimer (WebServicesShoppingCenter) in 330862.3723ms 
2025-04-29 08:56:30.7698|ERROR|Microsoft.AspNetCore.Diagnostics.DeveloperExceptionPageMiddleware|An unhandled exception has occurred while executing the request. System.NullReferenceException: Object reference not set to an instance of an object.
   at ShoppingCenter.WebServices.Base.Utilidades.ULogger.log(Int32 idTipoObjetoSap, String BdSap, String metodoHttp, String url, String request, String response, Boolean error, TipoTransaccion tipoTransaccion, String idObjetoSap, String idObjetoIntermedia, Boolean flag) in D:\Users\ricardo.solares\Desktop\Base WS\WebServices_ShoppingCenter\WebApi2\Utilidades\ULogger.cs:line 35
   at ShoppingCenter.WebServices.Base.Utilidades.ErrorGlobal..ctor(String message, String metodo, String data, String URL, Int32 idTipoObjetoSap, Int32 idObjetoSap, String idObjetoIntermedia, Boolean flag) in D:\Users\ricardo.solares\Desktop\Base WS\WebServices_ShoppingCenter\WebApi2\Utilidades\ErrorGlobal.cs:line 34
   at ShoppingCenter.WebServices.Base.Controllers.ServicioController.serviceTimer() in D:\Users\ricardo.solares\Desktop\Base WS\WebServices_ShoppingCenter\WebApi2\Controllers\ServicioController.cs:line 36
   at lambda_method(Closure , Object , Object[] )
   at Microsoft.Extensions.Internal.ObjectMethodExecutor.Execute(Object target, Object[] parameters)
   at Microsoft.AspNetCore.Mvc.Internal.ActionMethodExecutor.SyncObjectResultExecutor.Execute(IActionResultTypeMapper mapper, ObjectMethodExecutor executor, Object controller, Object[] arguments)
   at Microsoft.AspNetCore.Mvc.Internal.ControllerActionInvoker.InvokeActionMethodAsync()
   at Microsoft.AspNetCore.Mvc.Internal.ControllerActionInvoker.InvokeNextActionFilterAsync()
   at Microsoft.AspNetCore.Mvc.Internal.ControllerActionInvoker.Rethrow(ActionExecutedContext context)
   at Microsoft.AspNetCore.Mvc.Internal.ControllerActionInvoker.Next(State& next, Scope& scope, Object& state, Boolean& isCompleted)
   at Microsoft.AspNetCore.Mvc.Internal.ControllerActionInvoker.InvokeInnerFilterAsync()
   at Microsoft.AspNetCore.Mvc.Internal.ResourceInvoker.InvokeNextResourceFilter()
   at Microsoft.AspNetCore.Mvc.Internal.ResourceInvoker.Rethrow(ResourceExecutedContext context)
   at Microsoft.AspNetCore.Mvc.Internal.ResourceInvoker.Next(State& next, Scope& scope, Object& state, Boolean& isCompleted)
   at Microsoft.AspNetCore.Mvc.Internal.ResourceInvoker.InvokeFilterPipelineAsync()
   at Microsoft.AspNetCore.Mvc.Internal.ResourceInvoker.InvokeAsync()
   at Microsoft.AspNetCore.Builder.RouterMiddleware.Invoke(HttpContext httpContext)
   at Microsoft.AspNetCore.StaticFiles.StaticFileMiddleware.Invoke(HttpContext context)
   at Microsoft.AspNetCore.Diagnostics.DeveloperExceptionPageMiddleware.Invoke(HttpContext context)
2025-04-29 08:56:30.7698|ERROR|Microsoft.AspNetCore.Diagnostics.DeveloperExceptionPageMiddleware|An unhandled exception has occurred while executing the request. System.NullReferenceException: Object reference not set to an instance of an object.
   at ShoppingCenter.WebServices.Base.Utilidades.ULogger.log(Int32 idTipoObjetoSap, String BdSap, String metodoHttp, String url, String request, String response, Boolean error, TipoTransaccion tipoTransaccion, String idObjetoSap, String idObjetoIntermedia, Boolean flag) in D:\Users\ricardo.solares\Desktop\Base WS\WebServices_ShoppingCenter\WebApi2\Utilidades\ULogger.cs:line 35
   at ShoppingCenter.WebServices.Base.Utilidades.ErrorGlobal..ctor(String message, String metodo, String data, String URL, Int32 idTipoObjetoSap, Int32 idObjetoSap, String idObjetoIntermedia, Boolean flag) in D:\Users\ricardo.solares\Desktop\Base WS\WebServices_ShoppingCenter\WebApi2\Utilidades\ErrorGlobal.cs:line 34
   at ShoppingCenter.WebServices.Base.Controllers.ServicioController.serviceTimer() in D:\Users\ricardo.solares\Desktop\Base WS\WebServices_ShoppingCenter\WebApi2\Controllers\ServicioController.cs:line 36
   at lambda_method(Closure , Object , Object[] )
   at Microsoft.Extensions.Internal.ObjectMethodExecutor.Execute(Object target, Object[] parameters)
   at Microsoft.AspNetCore.Mvc.Internal.ActionMethodExecutor.SyncObjectResultExecutor.Execute(IActionResultTypeMapper mapper, ObjectMethodExecutor executor, Object controller, Object[] arguments)
   at Microsoft.AspNetCore.Mvc.Internal.ControllerActionInvoker.InvokeActionMethodAsync()
   at Microsoft.AspNetCore.Mvc.Internal.ControllerActionInvoker.InvokeNextActionFilterAsync()
   at Microsoft.AspNetCore.Mvc.Internal.ControllerActionInvoker.Rethrow(ActionExecutedContext context)
   at Microsoft.AspNetCore.Mvc.Internal.ControllerActionInvoker.Next(State& next, Scope& scope, Object& state, Boolean& isCompleted)
   at Microsoft.AspNetCore.Mvc.Internal.ControllerActionInvoker.InvokeInnerFilterAsync()
   at Microsoft.AspNetCore.Mvc.Internal.ResourceInvoker.InvokeNextResourceFilter()
   at Microsoft.AspNetCore.Mvc.Internal.ResourceInvoker.Rethrow(ResourceExecutedContext context)
   at Microsoft.AspNetCore.Mvc.Internal.ResourceInvoker.Next(State& next, Scope& scope, Object& state, Boolean& isCompleted)
   at Microsoft.AspNetCore.Mvc.Internal.ResourceInvoker.InvokeFilterPipelineAsync()
   at Microsoft.AspNetCore.Mvc.Internal.ResourceInvoker.InvokeAsync()
   at Microsoft.AspNetCore.Builder.RouterMiddleware.Invoke(HttpContext httpContext)
   at Microsoft.AspNetCore.StaticFiles.StaticFileMiddleware.Invoke(HttpContext context)
   at Microsoft.AspNetCore.Diagnostics.DeveloperExceptionPageMiddleware.Invoke(HttpContext context)|url: http://localhost/IGT/Servicio/ServiceTimer|action: ServiceTimer
2025-04-29 08:56:30.9458|INFO|Microsoft.AspNetCore.Hosting.Internal.WebHost|Request finished in 331955.8723ms 500 text/html; charset=utf-8 
2025-04-29 08:56:47.0637|INFO|Microsoft.AspNetCore.Hosting.Internal.WebHost|Request starting HTTP/1.1 GET http://localhost:50246/IGT/Servicio/ServiceTimer application/json; charset=utf-8 0 
2025-04-29 08:56:47.1005|INFO|Microsoft.AspNetCore.Hosting.Internal.WebHost|Request starting HTTP/1.1 GET http://localhost:50246/IGT/Servicio/ServiceTimer application/json; charset=utf-8 0 
2025-04-29 08:56:47.1236|INFO|Microsoft.AspNetCore.Mvc.Internal.ControllerActionInvoker|Route matched with {action = "ServiceTimer", controller = "Servicio"}. Executing controller action with signature Microsoft.AspNetCore.Mvc.ActionResult`1[System.String] serviceTimer() on controller ShoppingCenter.WebServices.Base.Controllers.ServicioController (WebServicesShoppingCenter). 
2025-04-29 08:56:47.1451|INFO|Microsoft.AspNetCore.Mvc.Internal.ControllerActionInvoker|Route matched with {action = "ServiceTimer", controller = "Servicio"}. Executing controller action with signature Microsoft.AspNetCore.Mvc.ActionResult`1[System.String] serviceTimer() on controller ShoppingCenter.WebServices.Base.Controllers.ServicioController (WebServicesShoppingCenter). 
2025-04-29 08:56:47.1451|INFO|Microsoft.AspNetCore.Mvc.Internal.ControllerActionInvoker|Executing action method ShoppingCenter.WebServices.Base.Controllers.ServicioController.serviceTimer (WebServicesShoppingCenter) - Validation state: Valid 
2025-04-29 08:56:47.1451|INFO|Microsoft.AspNetCore.Mvc.Internal.ControllerActionInvoker|Executing action method ShoppingCenter.WebServices.Base.Controllers.ServicioController.serviceTimer (WebServicesShoppingCenter) - Validation state: Valid 
2025-04-29 08:57:00.1077|INFO|ShoppingCenter.WebServices.Base.Log|*************** Log *************** 
2025-04-29 08:57:00.1077|INFO|ShoppingCenter.WebServices.Base.Log|*************** Log *************** |url: http://localhost/IGT/Servicio/ServiceTimer|action: ServiceTimer
2025-04-29 08:57:00.3171|INFO|ShoppingCenter.WebServices.Base.Log|*************** Log *************** 
2025-04-29 08:57:00.3171|INFO|ShoppingCenter.WebServices.Base.Log|*************** Log *************** |url: http://localhost/IGT/Servicio/ServiceTimer|action: ServiceTimer
2025-04-29 08:57:51.0248|INFO|Microsoft.AspNetCore.Mvc.Internal.ControllerActionInvoker|Executed action ShoppingCenter.WebServices.Base.Controllers.ServicioController.serviceTimer (WebServicesShoppingCenter) in 63882.3995ms 
2025-04-29 08:57:51.0553|INFO|Microsoft.AspNetCore.Mvc.Internal.ControllerActionInvoker|Executed action ShoppingCenter.WebServices.Base.Controllers.ServicioController.serviceTimer (WebServicesShoppingCenter) in 63909.0817ms 
2025-04-29 08:57:51.0553|ERROR|Microsoft.AspNetCore.Diagnostics.DeveloperExceptionPageMiddleware|An unhandled exception has occurred while executing the request. System.NullReferenceException: Object reference not set to an instance of an object.
   at ShoppingCenter.WebServices.Base.Utilidades.ULogger.log(Int32 idTipoObjetoSap, String BdSap, String metodoHttp, String url, String request, String response, Boolean error, TipoTransaccion tipoTransaccion, String idObjetoSap, String idObjetoIntermedia, Boolean flag) in D:\Users\ricardo.solares\Desktop\Base WS\WebServices_ShoppingCenter\WebApi2\Utilidades\ULogger.cs:line 35
   at ShoppingCenter.WebServices.Base.Utilidades.ErrorGlobal..ctor(String message, String metodo, String data, String URL, Int32 idTipoObjetoSap, Int32 idObjetoSap, String idObjetoIntermedia, Boolean flag) in D:\Users\ricardo.solares\Desktop\Base WS\WebServices_ShoppingCenter\WebApi2\Utilidades\ErrorGlobal.cs:line 34
   at ShoppingCenter.WebServices.Base.Controllers.ServicioController.serviceTimer() in D:\Users\ricardo.solares\Desktop\Base WS\WebServices_ShoppingCenter\WebApi2\Controllers\ServicioController.cs:line 36
   at lambda_method(Closure , Object , Object[] )
   at Microsoft.Extensions.Internal.ObjectMethodExecutor.Execute(Object target, Object[] parameters)
   at Microsoft.AspNetCore.Mvc.Internal.ActionMethodExecutor.SyncObjectResultExecutor.Execute(IActionResultTypeMapper mapper, ObjectMethodExecutor executor, Object controller, Object[] arguments)
   at Microsoft.AspNetCore.Mvc.Internal.ControllerActionInvoker.InvokeActionMethodAsync()
   at Microsoft.AspNetCore.Mvc.Internal.ControllerActionInvoker.InvokeNextActionFilterAsync()
   at Microsoft.AspNetCore.Mvc.Internal.ControllerActionInvoker.Rethrow(ActionExecutedContext context)
   at Microsoft.AspNetCore.Mvc.Internal.ControllerActionInvoker.Next(State& next, Scope& scope, Object& state, Boolean& isCompleted)
   at Microsoft.AspNetCore.Mvc.Internal.ControllerActionInvoker.InvokeInnerFilterAsync()
   at Microsoft.AspNetCore.Mvc.Internal.ResourceInvoker.InvokeNextResourceFilter()
   at Microsoft.AspNetCore.Mvc.Internal.ResourceInvoker.Rethrow(ResourceExecutedContext context)
   at Microsoft.AspNetCore.Mvc.Internal.ResourceInvoker.Next(State& next, Scope& scope, Object& state, Boolean& isCompleted)
   at Microsoft.AspNetCore.Mvc.Internal.ResourceInvoker.InvokeFilterPipelineAsync()
   at Microsoft.AspNetCore.Mvc.Internal.ResourceInvoker.InvokeAsync()
   at Microsoft.AspNetCore.Builder.RouterMiddleware.Invoke(HttpContext httpContext)
   at Microsoft.AspNetCore.StaticFiles.StaticFileMiddleware.Invoke(HttpContext context)
   at Microsoft.AspNetCore.Diagnostics.DeveloperExceptionPageMiddleware.Invoke(HttpContext context)
2025-04-29 08:57:51.0798|ERROR|Microsoft.AspNetCore.Diagnostics.DeveloperExceptionPageMiddleware|An unhandled exception has occurred while executing the request. System.NullReferenceException: Object reference not set to an instance of an object.
   at ShoppingCenter.WebServices.Base.Utilidades.ULogger.log(Int32 idTipoObjetoSap, String BdSap, String metodoHttp, String url, String request, String response, Boolean error, TipoTransaccion tipoTransaccion, String idObjetoSap, String idObjetoIntermedia, Boolean flag) in D:\Users\ricardo.solares\Desktop\Base WS\WebServices_ShoppingCenter\WebApi2\Utilidades\ULogger.cs:line 35
   at ShoppingCenter.WebServices.Base.Utilidades.ErrorGlobal..ctor(String message, String metodo, String data, String URL, Int32 idTipoObjetoSap, Int32 idObjetoSap, String idObjetoIntermedia, Boolean flag) in D:\Users\ricardo.solares\Desktop\Base WS\WebServices_ShoppingCenter\WebApi2\Utilidades\ErrorGlobal.cs:line 34
   at ShoppingCenter.WebServices.Base.Controllers.ServicioController.serviceTimer() in D:\Users\ricardo.solares\Desktop\Base WS\WebServices_ShoppingCenter\WebApi2\Controllers\ServicioController.cs:line 36
   at lambda_method(Closure , Object , Object[] )
   at Microsoft.Extensions.Internal.ObjectMethodExecutor.Execute(Object target, Object[] parameters)
   at Microsoft.AspNetCore.Mvc.Internal.ActionMethodExecutor.SyncObjectResultExecutor.Execute(IActionResultTypeMapper mapper, ObjectMethodExecutor executor, Object controller, Object[] arguments)
   at Microsoft.AspNetCore.Mvc.Internal.ControllerActionInvoker.InvokeActionMethodAsync()
   at Microsoft.AspNetCore.Mvc.Internal.ControllerActionInvoker.InvokeNextActionFilterAsync()
   at Microsoft.AspNetCore.Mvc.Internal.ControllerActionInvoker.Rethrow(ActionExecutedContext context)
   at Microsoft.AspNetCore.Mvc.Internal.ControllerActionInvoker.Next(State& next, Scope& scope, Object& state, Boolean& isCompleted)
   at Microsoft.AspNetCore.Mvc.Internal.ControllerActionInvoker.InvokeInnerFilterAsync()
   at Microsoft.AspNetCore.Mvc.Internal.ResourceInvoker.InvokeNextResourceFilter()
   at Microsoft.AspNetCore.Mvc.Internal.ResourceInvoker.Rethrow(ResourceExecutedContext context)
   at Microsoft.AspNetCore.Mvc.Internal.ResourceInvoker.Next(State& next, Scope& scope, Object& state, Boolean& isCompleted)
   at Microsoft.AspNetCore.Mvc.Internal.ResourceInvoker.InvokeFilterPipelineAsync()
   at Microsoft.AspNetCore.Mvc.Internal.ResourceInvoker.InvokeAsync()
   at Microsoft.AspNetCore.Builder.RouterMiddleware.Invoke(HttpContext httpContext)
   at Microsoft.AspNetCore.StaticFiles.StaticFileMiddleware.Invoke(HttpContext context)
   at Microsoft.AspNetCore.Diagnostics.DeveloperExceptionPageMiddleware.Invoke(HttpContext context)
2025-04-29 08:57:51.0553|ERROR|Microsoft.AspNetCore.Diagnostics.DeveloperExceptionPageMiddleware|An unhandled exception has occurred while executing the request. System.NullReferenceException: Object reference not set to an instance of an object.
   at ShoppingCenter.WebServices.Base.Utilidades.ULogger.log(Int32 idTipoObjetoSap, String BdSap, String metodoHttp, String url, String request, String response, Boolean error, TipoTransaccion tipoTransaccion, String idObjetoSap, String idObjetoIntermedia, Boolean flag) in D:\Users\ricardo.solares\Desktop\Base WS\WebServices_ShoppingCenter\WebApi2\Utilidades\ULogger.cs:line 35
   at ShoppingCenter.WebServices.Base.Utilidades.ErrorGlobal..ctor(String message, String metodo, String data, String URL, Int32 idTipoObjetoSap, Int32 idObjetoSap, String idObjetoIntermedia, Boolean flag) in D:\Users\ricardo.solares\Desktop\Base WS\WebServices_ShoppingCenter\WebApi2\Utilidades\ErrorGlobal.cs:line 34
   at ShoppingCenter.WebServices.Base.Controllers.ServicioController.serviceTimer() in D:\Users\ricardo.solares\Desktop\Base WS\WebServices_ShoppingCenter\WebApi2\Controllers\ServicioController.cs:line 36
   at lambda_method(Closure , Object , Object[] )
   at Microsoft.Extensions.Internal.ObjectMethodExecutor.Execute(Object target, Object[] parameters)
   at Microsoft.AspNetCore.Mvc.Internal.ActionMethodExecutor.SyncObjectResultExecutor.Execute(IActionResultTypeMapper mapper, ObjectMethodExecutor executor, Object controller, Object[] arguments)
   at Microsoft.AspNetCore.Mvc.Internal.ControllerActionInvoker.InvokeActionMethodAsync()
   at Microsoft.AspNetCore.Mvc.Internal.ControllerActionInvoker.InvokeNextActionFilterAsync()
   at Microsoft.AspNetCore.Mvc.Internal.ControllerActionInvoker.Rethrow(ActionExecutedContext context)
   at Microsoft.AspNetCore.Mvc.Internal.ControllerActionInvoker.Next(State& next, Scope& scope, Object& state, Boolean& isCompleted)
   at Microsoft.AspNetCore.Mvc.Internal.ControllerActionInvoker.InvokeInnerFilterAsync()
   at Microsoft.AspNetCore.Mvc.Internal.ResourceInvoker.InvokeNextResourceFilter()
   at Microsoft.AspNetCore.Mvc.Internal.ResourceInvoker.Rethrow(ResourceExecutedContext context)
   at Microsoft.AspNetCore.Mvc.Internal.ResourceInvoker.Next(State& next, Scope& scope, Object& state, Boolean& isCompleted)
   at Microsoft.AspNetCore.Mvc.Internal.ResourceInvoker.InvokeFilterPipelineAsync()
   at Microsoft.AspNetCore.Mvc.Internal.ResourceInvoker.InvokeAsync()
   at Microsoft.AspNetCore.Builder.RouterMiddleware.Invoke(HttpContext httpContext)
   at Microsoft.AspNetCore.StaticFiles.StaticFileMiddleware.Invoke(HttpContext context)
   at Microsoft.AspNetCore.Diagnostics.DeveloperExceptionPageMiddleware.Invoke(HttpContext context)|url: http://localhost/IGT/Servicio/ServiceTimer|action: ServiceTimer
2025-04-29 08:57:51.0798|ERROR|Microsoft.AspNetCore.Diagnostics.DeveloperExceptionPageMiddleware|An unhandled exception has occurred while executing the request. System.NullReferenceException: Object reference not set to an instance of an object.
   at ShoppingCenter.WebServices.Base.Utilidades.ULogger.log(Int32 idTipoObjetoSap, String BdSap, String metodoHttp, String url, String request, String response, Boolean error, TipoTransaccion tipoTransaccion, String idObjetoSap, String idObjetoIntermedia, Boolean flag) in D:\Users\ricardo.solares\Desktop\Base WS\WebServices_ShoppingCenter\WebApi2\Utilidades\ULogger.cs:line 35
   at ShoppingCenter.WebServices.Base.Utilidades.ErrorGlobal..ctor(String message, String metodo, String data, String URL, Int32 idTipoObjetoSap, Int32 idObjetoSap, String idObjetoIntermedia, Boolean flag) in D:\Users\ricardo.solares\Desktop\Base WS\WebServices_ShoppingCenter\WebApi2\Utilidades\ErrorGlobal.cs:line 34
   at ShoppingCenter.WebServices.Base.Controllers.ServicioController.serviceTimer() in D:\Users\ricardo.solares\Desktop\Base WS\WebServices_ShoppingCenter\WebApi2\Controllers\ServicioController.cs:line 36
   at lambda_method(Closure , Object , Object[] )
   at Microsoft.Extensions.Internal.ObjectMethodExecutor.Execute(Object target, Object[] parameters)
   at Microsoft.AspNetCore.Mvc.Internal.ActionMethodExecutor.SyncObjectResultExecutor.Execute(IActionResultTypeMapper mapper, ObjectMethodExecutor executor, Object controller, Object[] arguments)
   at Microsoft.AspNetCore.Mvc.Internal.ControllerActionInvoker.InvokeActionMethodAsync()
   at Microsoft.AspNetCore.Mvc.Internal.ControllerActionInvoker.InvokeNextActionFilterAsync()
   at Microsoft.AspNetCore.Mvc.Internal.ControllerActionInvoker.Rethrow(ActionExecutedContext context)
   at Microsoft.AspNetCore.Mvc.Internal.ControllerActionInvoker.Next(State& next, Scope& scope, Object& state, Boolean& isCompleted)
   at Microsoft.AspNetCore.Mvc.Internal.ControllerActionInvoker.InvokeInnerFilterAsync()
   at Microsoft.AspNetCore.Mvc.Internal.ResourceInvoker.InvokeNextResourceFilter()
   at Microsoft.AspNetCore.Mvc.Internal.ResourceInvoker.Rethrow(ResourceExecutedContext context)
   at Microsoft.AspNetCore.Mvc.Internal.ResourceInvoker.Next(State& next, Scope& scope, Object& state, Boolean& isCompleted)
   at Microsoft.AspNetCore.Mvc.Internal.ResourceInvoker.InvokeFilterPipelineAsync()
   at Microsoft.AspNetCore.Mvc.Internal.ResourceInvoker.InvokeAsync()
   at Microsoft.AspNetCore.Builder.RouterMiddleware.Invoke(HttpContext httpContext)
   at Microsoft.AspNetCore.StaticFiles.StaticFileMiddleware.Invoke(HttpContext context)
   at Microsoft.AspNetCore.Diagnostics.DeveloperExceptionPageMiddleware.Invoke(HttpContext context)|url: http://localhost/IGT/Servicio/ServiceTimer|action: ServiceTimer
2025-04-29 08:57:51.2016|INFO|Microsoft.AspNetCore.Hosting.Internal.WebHost|Request finished in 64102.4852ms 500 text/html; charset=utf-8 
2025-04-29 08:57:51.2016|INFO|Microsoft.AspNetCore.Hosting.Internal.WebHost|Request finished in 64141.1958ms 500 text/html; charset=utf-8 
2025-04-29 08:58:46.9627|INFO|Microsoft.AspNetCore.Hosting.Internal.WebHost|Request starting HTTP/1.1 GET http://localhost:50246/IGT/Servicio/ServiceTimer application/json; charset=utf-8 0 
2025-04-29 08:58:46.9627|INFO|Microsoft.AspNetCore.Mvc.Internal.ControllerActionInvoker|Route matched with {action = "ServiceTimer", controller = "Servicio"}. Executing controller action with signature Microsoft.AspNetCore.Mvc.ActionResult`1[System.String] serviceTimer() on controller ShoppingCenter.WebServices.Base.Controllers.ServicioController (WebServicesShoppingCenter). 
2025-04-29 08:58:46.9943|INFO|Microsoft.AspNetCore.Mvc.Internal.ControllerActionInvoker|Executing action method ShoppingCenter.WebServices.Base.Controllers.ServicioController.serviceTimer (WebServicesShoppingCenter) - Validation state: Valid 
2025-04-29 11:20:27.4529|INFO|Microsoft.AspNetCore.DataProtection.KeyManagement.XmlKeyManager|User profile is available. Using 'D:\Users\ricardo.solares\AppData\Local\ASP.NET\DataProtection-Keys' as key repository and Windows DPAPI to encrypt keys at rest. 
2025-04-29 11:20:28.6591|INFO|Microsoft.AspNetCore.Hosting.Internal.WebHost|Request starting HTTP/1.1 GET http://localhost:50246/IGT/Servicio/ServiceTimer application/json; charset=utf-8 0 
2025-04-29 11:20:28.6591|INFO|Microsoft.AspNetCore.Hosting.Internal.WebHost|Request starting HTTP/1.1 GET http://localhost:50246/IGT/Consola/GetParametrosEnvio application/json; charset=utf-8 0 
2025-04-29 11:20:29.4812|INFO|Microsoft.AspNetCore.Mvc.Internal.ControllerActionInvoker|Route matched with {action = "GetParametrosEnvio", controller = "Consola"}. Executing controller action with signature Microsoft.AspNetCore.Mvc.ActionResult`1[System.String] getParametrosEnvio() on controller ShoppingCenter.WebServices.Base.Controllers.ConsolaController (WebServicesShoppingCenter). 
2025-04-29 11:20:29.4911|INFO|Microsoft.AspNetCore.Mvc.Internal.ControllerActionInvoker|Route matched with {action = "ServiceTimer", controller = "Servicio"}. Executing controller action with signature Microsoft.AspNetCore.Mvc.ActionResult`1[System.String] serviceTimer() on controller ShoppingCenter.WebServices.Base.Controllers.ServicioController (WebServicesShoppingCenter). 
2025-04-29 11:20:31.9108|INFO|Microsoft.AspNetCore.Mvc.Internal.ControllerActionInvoker|Executing action method ShoppingCenter.WebServices.Base.Controllers.ServicioController.serviceTimer (WebServicesShoppingCenter) - Validation state: Valid 
2025-04-29 11:20:31.9108|INFO|Microsoft.AspNetCore.Mvc.Internal.ControllerActionInvoker|Executing action method ShoppingCenter.WebServices.Base.Controllers.ConsolaController.getParametrosEnvio (WebServicesShoppingCenter) - Validation state: Valid 
2025-04-29 11:20:31.9681|INFO|ShoppingCenter.WebServices.Base.Log|*************** Iniciando Método GetParametrosEnvio *************** 
2025-04-29 11:20:31.9681|INFO|ShoppingCenter.WebServices.Base.Log|*************** Iniciando Método GetParametrosEnvio *************** |url: http://localhost/IGT/Consola/GetParametrosEnvio|action: GetParametrosEnvio
2025-04-29 11:22:01.5287|INFO|Microsoft.AspNetCore.Hosting.Internal.WebHost|Request starting HTTP/1.1 GET http://localhost:50246/IGT/Consola/GetTipoIbjetos application/json; charset=utf-8 0 
2025-04-29 11:22:01.5693|INFO|Microsoft.AspNetCore.Mvc.Internal.ControllerActionInvoker|Route matched with {action = "GetTipoIbjetos", controller = "Consola"}. Executing controller action with signature Microsoft.AspNetCore.Mvc.ActionResult`1[System.String] getTipoObjetos() on controller ShoppingCenter.WebServices.Base.Controllers.ConsolaController (WebServicesShoppingCenter). 
2025-04-29 11:22:01.5693|INFO|Microsoft.AspNetCore.Mvc.Internal.ControllerActionInvoker|Executing action method ShoppingCenter.WebServices.Base.Controllers.ConsolaController.getTipoObjetos (WebServicesShoppingCenter) - Validation state: Valid 
2025-04-29 11:22:12.0175|ERROR|ShoppingCenter.WebServices.Base.Log|Ocurrió un error inesperado en getTipoObjetos. Error: ERROR [42S02] [SAP AG][LIBODBCHDB DLL][HDBODBC] Base table or view not found;259 invalid table name:  Could not find table/view T_TIPO_OBJETO in schema BD_INTERMEDIA_SHOPPING: line 1 col 63 (at pos 62) 
2025-04-29 11:22:12.0175|ERROR|ShoppingCenter.WebServices.Base.Log|Ocurrió un error inesperado en getTipoObjetos. Error: ERROR [42S02] [SAP AG][LIBODBCHDB DLL][HDBODBC] Base table or view not found;259 invalid table name:  Could not find table/view T_TIPO_OBJETO in schema BD_INTERMEDIA_SHOPPING: line 1 col 63 (at pos 62) |url: http://localhost/IGT/Consola/GetTipoIbjetos|action: GetTipoIbjetos
2025-04-29 11:22:12.0175|ERROR|ShoppingCenter.WebServices.Base.Log|Ocurrió un error inesperado en GetParametrosEnvio. Error: ERROR [42S02] [SAP AG][LIBODBCHDB DLL][HDBODBC] Base table or view not found;259 invalid table name:  Could not find table/view T_PARAMETROS_ENVIO in schema BD_INTERMEDIA_SHOPPING: line 1 col 38 (at pos 37) 
2025-04-29 11:22:12.0175|ERROR|ShoppingCenter.WebServices.Base.Log|Ocurrió un error inesperado en GetParametrosEnvio. Error: ERROR [42S02] [SAP AG][LIBODBCHDB DLL][HDBODBC] Base table or view not found;259 invalid table name:  Could not find table/view T_PARAMETROS_ENVIO in schema BD_INTERMEDIA_SHOPPING: line 1 col 38 (at pos 37) |url: http://localhost/IGT/Consola/GetParametrosEnvio|action: GetParametrosEnvio
2025-04-29 11:22:12.0633|INFO|Microsoft.AspNetCore.Mvc.Internal.ControllerActionInvoker|Executed action method ShoppingCenter.WebServices.Base.Controllers.ConsolaController.getTipoObjetos (WebServicesShoppingCenter), returned result Microsoft.AspNetCore.Mvc.BadRequestObjectResult in 10447.7913ms. 
2025-04-29 11:22:12.0831|INFO|Microsoft.AspNetCore.Mvc.Internal.ControllerActionInvoker|Executed action method ShoppingCenter.WebServices.Base.Controllers.ConsolaController.getParametrosEnvio (WebServicesShoppingCenter), returned result Microsoft.AspNetCore.Mvc.BadRequestObjectResult in 100116.6583ms. 
2025-04-29 11:22:12.1292|INFO|Microsoft.AspNetCore.Mvc.Infrastructure.ObjectResultExecutor|Executing ObjectResult, writing value of type 'System.String'. 
2025-04-29 11:22:12.1292|INFO|Microsoft.AspNetCore.Mvc.Infrastructure.ObjectResultExecutor|Executing ObjectResult, writing value of type 'System.String'. 
2025-04-29 11:22:12.2185|INFO|Microsoft.AspNetCore.Mvc.Internal.ControllerActionInvoker|Executed action ShoppingCenter.WebServices.Base.Controllers.ConsolaController.getTipoObjetos (WebServicesShoppingCenter) in 10637.5475ms 
2025-04-29 11:22:12.2185|INFO|Microsoft.AspNetCore.Mvc.Internal.ControllerActionInvoker|Executed action ShoppingCenter.WebServices.Base.Controllers.ConsolaController.getParametrosEnvio (WebServicesShoppingCenter) in 102733.2611ms 
2025-04-29 11:22:12.4394|INFO|ShoppingCenter.WebServices.Base.Log|*************** Log *************** 
2025-04-29 11:22:12.4394|INFO|ShoppingCenter.WebServices.Base.Log|*************** Log *************** |url: http://localhost/IGT/Servicio/ServiceTimer|action: ServiceTimer
2025-04-29 11:22:12.4503|INFO|Microsoft.AspNetCore.Hosting.Internal.WebHost|Request finished in 10921.0829ms 400 text/plain; charset=utf-8 
2025-04-29 11:22:12.4503|INFO|Microsoft.AspNetCore.Hosting.Internal.WebHost|Request finished in 103797.3296ms 400 text/plain; charset=utf-8 
2025-04-29 11:22:20.0033|INFO|Microsoft.AspNetCore.Hosting.Internal.WebHost|Request starting HTTP/1.1 GET http://localhost:50246/IGT/Consola/GetParametrosEnvio application/json; charset=utf-8 0 
2025-04-29 11:22:22.1535|INFO|Microsoft.AspNetCore.Mvc.Internal.ControllerActionInvoker|Executed action ShoppingCenter.WebServices.Base.Controllers.ServicioController.serviceTimer (WebServicesShoppingCenter) in 112665.8552ms 
2025-04-29 11:22:22.1535|INFO|Microsoft.AspNetCore.Mvc.Internal.ControllerActionInvoker|Route matched with {action = "GetParametrosEnvio", controller = "Consola"}. Executing controller action with signature Microsoft.AspNetCore.Mvc.ActionResult`1[System.String] getParametrosEnvio() on controller ShoppingCenter.WebServices.Base.Controllers.ConsolaController (WebServicesShoppingCenter). 
2025-04-29 11:22:22.1535|INFO|Microsoft.AspNetCore.Mvc.Internal.ControllerActionInvoker|Executing action method ShoppingCenter.WebServices.Base.Controllers.ConsolaController.getParametrosEnvio (WebServicesShoppingCenter) - Validation state: Valid 
2025-04-29 11:22:22.1535|INFO|ShoppingCenter.WebServices.Base.Log|*************** Iniciando Método GetParametrosEnvio *************** 
2025-04-29 11:22:22.1535|INFO|ShoppingCenter.WebServices.Base.Log|*************** Iniciando Método GetParametrosEnvio *************** |url: http://localhost/IGT/Consola/GetParametrosEnvio|action: GetParametrosEnvio
2025-04-29 11:22:22.1535|ERROR|Microsoft.AspNetCore.Diagnostics.DeveloperExceptionPageMiddleware|An unhandled exception has occurred while executing the request. System.NullReferenceException: Object reference not set to an instance of an object.
   at ShoppingCenter.WebServices.Base.Utilidades.ULogger.log(Int32 idTipoObjetoSap, String BdSap, String metodoHttp, String url, String request, String response, Boolean error, TipoTransaccion tipoTransaccion, String idObjetoSap, String idObjetoIntermedia, Boolean flag) in D:\Users\ricardo.solares\Desktop\Base WS\WebServices_ShoppingCenter\WebApi2\Utilidades\ULogger.cs:line 35
   at ShoppingCenter.WebServices.Base.Utilidades.ErrorGlobal..ctor(String message, String metodo, String data, String URL, Int32 idTipoObjetoSap, Int32 idObjetoSap, String idObjetoIntermedia, Boolean flag) in D:\Users\ricardo.solares\Desktop\Base WS\WebServices_ShoppingCenter\WebApi2\Utilidades\ErrorGlobal.cs:line 34
   at ShoppingCenter.WebServices.Base.Controllers.ServicioController.serviceTimer() in D:\Users\ricardo.solares\Desktop\Base WS\WebServices_ShoppingCenter\WebApi2\Controllers\ServicioController.cs:line 36
   at lambda_method(Closure , Object , Object[] )
   at Microsoft.Extensions.Internal.ObjectMethodExecutor.Execute(Object target, Object[] parameters)
   at Microsoft.AspNetCore.Mvc.Internal.ActionMethodExecutor.SyncObjectResultExecutor.Execute(IActionResultTypeMapper mapper, ObjectMethodExecutor executor, Object controller, Object[] arguments)
   at Microsoft.AspNetCore.Mvc.Internal.ControllerActionInvoker.InvokeActionMethodAsync()
   at Microsoft.AspNetCore.Mvc.Internal.ControllerActionInvoker.InvokeNextActionFilterAsync()
   at Microsoft.AspNetCore.Mvc.Internal.ControllerActionInvoker.Rethrow(ActionExecutedContext context)
   at Microsoft.AspNetCore.Mvc.Internal.ControllerActionInvoker.Next(State& next, Scope& scope, Object& state, Boolean& isCompleted)
   at Microsoft.AspNetCore.Mvc.Internal.ControllerActionInvoker.InvokeInnerFilterAsync()
   at Microsoft.AspNetCore.Mvc.Internal.ResourceInvoker.InvokeNextResourceFilter()
   at Microsoft.AspNetCore.Mvc.Internal.ResourceInvoker.Rethrow(ResourceExecutedContext context)
   at Microsoft.AspNetCore.Mvc.Internal.ResourceInvoker.Next(State& next, Scope& scope, Object& state, Boolean& isCompleted)
   at Microsoft.AspNetCore.Mvc.Internal.ResourceInvoker.InvokeFilterPipelineAsync()
   at Microsoft.AspNetCore.Mvc.Internal.ResourceInvoker.InvokeAsync()
   at Microsoft.AspNetCore.Builder.RouterMiddleware.Invoke(HttpContext httpContext)
   at Microsoft.AspNetCore.StaticFiles.StaticFileMiddleware.Invoke(HttpContext context)
   at Microsoft.AspNetCore.Diagnostics.DeveloperExceptionPageMiddleware.Invoke(HttpContext context)
2025-04-29 11:22:22.1535|ERROR|Microsoft.AspNetCore.Diagnostics.DeveloperExceptionPageMiddleware|An unhandled exception has occurred while executing the request. System.NullReferenceException: Object reference not set to an instance of an object.
   at ShoppingCenter.WebServices.Base.Utilidades.ULogger.log(Int32 idTipoObjetoSap, String BdSap, String metodoHttp, String url, String request, String response, Boolean error, TipoTransaccion tipoTransaccion, String idObjetoSap, String idObjetoIntermedia, Boolean flag) in D:\Users\ricardo.solares\Desktop\Base WS\WebServices_ShoppingCenter\WebApi2\Utilidades\ULogger.cs:line 35
   at ShoppingCenter.WebServices.Base.Utilidades.ErrorGlobal..ctor(String message, String metodo, String data, String URL, Int32 idTipoObjetoSap, Int32 idObjetoSap, String idObjetoIntermedia, Boolean flag) in D:\Users\ricardo.solares\Desktop\Base WS\WebServices_ShoppingCenter\WebApi2\Utilidades\ErrorGlobal.cs:line 34
   at ShoppingCenter.WebServices.Base.Controllers.ServicioController.serviceTimer() in D:\Users\ricardo.solares\Desktop\Base WS\WebServices_ShoppingCenter\WebApi2\Controllers\ServicioController.cs:line 36
   at lambda_method(Closure , Object , Object[] )
   at Microsoft.Extensions.Internal.ObjectMethodExecutor.Execute(Object target, Object[] parameters)
   at Microsoft.AspNetCore.Mvc.Internal.ActionMethodExecutor.SyncObjectResultExecutor.Execute(IActionResultTypeMapper mapper, ObjectMethodExecutor executor, Object controller, Object[] arguments)
   at Microsoft.AspNetCore.Mvc.Internal.ControllerActionInvoker.InvokeActionMethodAsync()
   at Microsoft.AspNetCore.Mvc.Internal.ControllerActionInvoker.InvokeNextActionFilterAsync()
   at Microsoft.AspNetCore.Mvc.Internal.ControllerActionInvoker.Rethrow(ActionExecutedContext context)
   at Microsoft.AspNetCore.Mvc.Internal.ControllerActionInvoker.Next(State& next, Scope& scope, Object& state, Boolean& isCompleted)
   at Microsoft.AspNetCore.Mvc.Internal.ControllerActionInvoker.InvokeInnerFilterAsync()
   at Microsoft.AspNetCore.Mvc.Internal.ResourceInvoker.InvokeNextResourceFilter()
   at Microsoft.AspNetCore.Mvc.Internal.ResourceInvoker.Rethrow(ResourceExecutedContext context)
   at Microsoft.AspNetCore.Mvc.Internal.ResourceInvoker.Next(State& next, Scope& scope, Object& state, Boolean& isCompleted)
   at Microsoft.AspNetCore.Mvc.Internal.ResourceInvoker.InvokeFilterPipelineAsync()
   at Microsoft.AspNetCore.Mvc.Internal.ResourceInvoker.InvokeAsync()
   at Microsoft.AspNetCore.Builder.RouterMiddleware.Invoke(HttpContext httpContext)
   at Microsoft.AspNetCore.StaticFiles.StaticFileMiddleware.Invoke(HttpContext context)
   at Microsoft.AspNetCore.Diagnostics.DeveloperExceptionPageMiddleware.Invoke(HttpContext context)|url: http://localhost/IGT/Servicio/ServiceTimer|action: ServiceTimer
2025-04-29 11:22:22.4812|ERROR|ShoppingCenter.WebServices.Base.Log|Ocurrió un error inesperado en GetParametrosEnvio. Error: ERROR [42S02] [SAP AG][LIBODBCHDB DLL][HDBODBC] Base table or view not found;259 invalid table name:  Could not find table/view T_PARAMETROS_ENVIO in schema BD_INTERMEDIA_SHOPPING: line 1 col 38 (at pos 37) 
2025-04-29 11:22:22.4812|ERROR|ShoppingCenter.WebServices.Base.Log|Ocurrió un error inesperado en GetParametrosEnvio. Error: ERROR [42S02] [SAP AG][LIBODBCHDB DLL][HDBODBC] Base table or view not found;259 invalid table name:  Could not find table/view T_PARAMETROS_ENVIO in schema BD_INTERMEDIA_SHOPPING: line 1 col 38 (at pos 37) |url: http://localhost/IGT/Consola/GetParametrosEnvio|action: GetParametrosEnvio
2025-04-29 11:22:22.4812|INFO|Microsoft.AspNetCore.Mvc.Internal.ControllerActionInvoker|Executed action method ShoppingCenter.WebServices.Base.Controllers.ConsolaController.getParametrosEnvio (WebServicesShoppingCenter), returned result Microsoft.AspNetCore.Mvc.BadRequestObjectResult in 322.8214ms. 
2025-04-29 11:22:22.4812|INFO|Microsoft.AspNetCore.Mvc.Infrastructure.ObjectResultExecutor|Executing ObjectResult, writing value of type 'System.String'. 
2025-04-29 11:22:22.4812|INFO|Microsoft.AspNetCore.Mvc.Internal.ControllerActionInvoker|Executed action ShoppingCenter.WebServices.Base.Controllers.ConsolaController.getParametrosEnvio (WebServicesShoppingCenter) in 330.5768ms 
2025-04-29 11:22:22.4812|INFO|Microsoft.AspNetCore.Hosting.Internal.WebHost|Request finished in 2489.1934ms 400 text/plain; charset=utf-8 
2025-04-29 11:22:22.5943|INFO|Microsoft.AspNetCore.Hosting.Internal.WebHost|Request finished in 113943.2118ms 500 text/html; charset=utf-8 
2025-04-29 11:22:33.4309|INFO|Microsoft.AspNetCore.Hosting.Internal.WebHost|Request starting HTTP/1.1 GET http://localhost:50246/IGT/Servicio/ServiceTimer application/json; charset=utf-8 0 
2025-04-29 11:22:33.4362|INFO|Microsoft.AspNetCore.Mvc.Internal.ControllerActionInvoker|Route matched with {action = "ServiceTimer", controller = "Servicio"}. Executing controller action with signature Microsoft.AspNetCore.Mvc.ActionResult`1[System.String] serviceTimer() on controller ShoppingCenter.WebServices.Base.Controllers.ServicioController (WebServicesShoppingCenter). 
2025-04-29 11:22:33.4362|INFO|Microsoft.AspNetCore.Mvc.Internal.ControllerActionInvoker|Executing action method ShoppingCenter.WebServices.Base.Controllers.ServicioController.serviceTimer (WebServicesShoppingCenter) - Validation state: Valid 
2025-04-29 11:22:33.9529|INFO|ShoppingCenter.WebServices.Base.Log|*************** Log *************** 
2025-04-29 11:22:33.9529|INFO|ShoppingCenter.WebServices.Base.Log|*************** Log *************** |url: http://localhost/IGT/Servicio/ServiceTimer|action: ServiceTimer
2025-04-29 11:23:40.1594|INFO|Microsoft.AspNetCore.Mvc.Internal.ControllerActionInvoker|Executed action ShoppingCenter.WebServices.Base.Controllers.ServicioController.serviceTimer (WebServicesShoppingCenter) in 66723.8768ms 
2025-04-29 11:23:40.1651|ERROR|Microsoft.AspNetCore.Diagnostics.DeveloperExceptionPageMiddleware|An unhandled exception has occurred while executing the request. System.NullReferenceException: Object reference not set to an instance of an object.
   at ShoppingCenter.WebServices.Base.Utilidades.ULogger.log(Int32 idTipoObjetoSap, String BdSap, String metodoHttp, String url, String request, String response, Boolean error, TipoTransaccion tipoTransaccion, String idObjetoSap, String idObjetoIntermedia, Boolean flag) in D:\Users\ricardo.solares\Desktop\Base WS\WebServices_ShoppingCenter\WebApi2\Utilidades\ULogger.cs:line 35
   at ShoppingCenter.WebServices.Base.Utilidades.ErrorGlobal..ctor(String message, String metodo, String data, String URL, Int32 idTipoObjetoSap, Int32 idObjetoSap, String idObjetoIntermedia, Boolean flag) in D:\Users\ricardo.solares\Desktop\Base WS\WebServices_ShoppingCenter\WebApi2\Utilidades\ErrorGlobal.cs:line 34
   at ShoppingCenter.WebServices.Base.Controllers.ServicioController.serviceTimer() in D:\Users\ricardo.solares\Desktop\Base WS\WebServices_ShoppingCenter\WebApi2\Controllers\ServicioController.cs:line 36
   at lambda_method(Closure , Object , Object[] )
   at Microsoft.Extensions.Internal.ObjectMethodExecutor.Execute(Object target, Object[] parameters)
   at Microsoft.AspNetCore.Mvc.Internal.ActionMethodExecutor.SyncObjectResultExecutor.Execute(IActionResultTypeMapper mapper, ObjectMethodExecutor executor, Object controller, Object[] arguments)
   at Microsoft.AspNetCore.Mvc.Internal.ControllerActionInvoker.InvokeActionMethodAsync()
   at Microsoft.AspNetCore.Mvc.Internal.ControllerActionInvoker.InvokeNextActionFilterAsync()
   at Microsoft.AspNetCore.Mvc.Internal.ControllerActionInvoker.Rethrow(ActionExecutedContext context)
   at Microsoft.AspNetCore.Mvc.Internal.ControllerActionInvoker.Next(State& next, Scope& scope, Object& state, Boolean& isCompleted)
   at Microsoft.AspNetCore.Mvc.Internal.ControllerActionInvoker.InvokeInnerFilterAsync()
   at Microsoft.AspNetCore.Mvc.Internal.ResourceInvoker.InvokeNextResourceFilter()
   at Microsoft.AspNetCore.Mvc.Internal.ResourceInvoker.Rethrow(ResourceExecutedContext context)
   at Microsoft.AspNetCore.Mvc.Internal.ResourceInvoker.Next(State& next, Scope& scope, Object& state, Boolean& isCompleted)
   at Microsoft.AspNetCore.Mvc.Internal.ResourceInvoker.InvokeFilterPipelineAsync()
   at Microsoft.AspNetCore.Mvc.Internal.ResourceInvoker.InvokeAsync()
   at Microsoft.AspNetCore.Builder.RouterMiddleware.Invoke(HttpContext httpContext)
   at Microsoft.AspNetCore.StaticFiles.StaticFileMiddleware.Invoke(HttpContext context)
   at Microsoft.AspNetCore.Diagnostics.DeveloperExceptionPageMiddleware.Invoke(HttpContext context)
2025-04-29 11:23:40.1651|ERROR|Microsoft.AspNetCore.Diagnostics.DeveloperExceptionPageMiddleware|An unhandled exception has occurred while executing the request. System.NullReferenceException: Object reference not set to an instance of an object.
   at ShoppingCenter.WebServices.Base.Utilidades.ULogger.log(Int32 idTipoObjetoSap, String BdSap, String metodoHttp, String url, String request, String response, Boolean error, TipoTransaccion tipoTransaccion, String idObjetoSap, String idObjetoIntermedia, Boolean flag) in D:\Users\ricardo.solares\Desktop\Base WS\WebServices_ShoppingCenter\WebApi2\Utilidades\ULogger.cs:line 35
   at ShoppingCenter.WebServices.Base.Utilidades.ErrorGlobal..ctor(String message, String metodo, String data, String URL, Int32 idTipoObjetoSap, Int32 idObjetoSap, String idObjetoIntermedia, Boolean flag) in D:\Users\ricardo.solares\Desktop\Base WS\WebServices_ShoppingCenter\WebApi2\Utilidades\ErrorGlobal.cs:line 34
   at ShoppingCenter.WebServices.Base.Controllers.ServicioController.serviceTimer() in D:\Users\ricardo.solares\Desktop\Base WS\WebServices_ShoppingCenter\WebApi2\Controllers\ServicioController.cs:line 36
   at lambda_method(Closure , Object , Object[] )
   at Microsoft.Extensions.Internal.ObjectMethodExecutor.Execute(Object target, Object[] parameters)
   at Microsoft.AspNetCore.Mvc.Internal.ActionMethodExecutor.SyncObjectResultExecutor.Execute(IActionResultTypeMapper mapper, ObjectMethodExecutor executor, Object controller, Object[] arguments)
   at Microsoft.AspNetCore.Mvc.Internal.ControllerActionInvoker.InvokeActionMethodAsync()
   at Microsoft.AspNetCore.Mvc.Internal.ControllerActionInvoker.InvokeNextActionFilterAsync()
   at Microsoft.AspNetCore.Mvc.Internal.ControllerActionInvoker.Rethrow(ActionExecutedContext context)
   at Microsoft.AspNetCore.Mvc.Internal.ControllerActionInvoker.Next(State& next, Scope& scope, Object& state, Boolean& isCompleted)
   at Microsoft.AspNetCore.Mvc.Internal.ControllerActionInvoker.InvokeInnerFilterAsync()
   at Microsoft.AspNetCore.Mvc.Internal.ResourceInvoker.InvokeNextResourceFilter()
   at Microsoft.AspNetCore.Mvc.Internal.ResourceInvoker.Rethrow(ResourceExecutedContext context)
   at Microsoft.AspNetCore.Mvc.Internal.ResourceInvoker.Next(State& next, Scope& scope, Object& state, Boolean& isCompleted)
   at Microsoft.AspNetCore.Mvc.Internal.ResourceInvoker.InvokeFilterPipelineAsync()
   at Microsoft.AspNetCore.Mvc.Internal.ResourceInvoker.InvokeAsync()
   at Microsoft.AspNetCore.Builder.RouterMiddleware.Invoke(HttpContext httpContext)
   at Microsoft.AspNetCore.StaticFiles.StaticFileMiddleware.Invoke(HttpContext context)
   at Microsoft.AspNetCore.Diagnostics.DeveloperExceptionPageMiddleware.Invoke(HttpContext context)|url: http://localhost/IGT/Servicio/ServiceTimer|action: ServiceTimer
2025-04-29 11:23:40.2655|INFO|Microsoft.AspNetCore.Hosting.Internal.WebHost|Request finished in 66837.6497ms 500 text/html; charset=utf-8 
2025-04-29 11:24:23.7873|INFO|Microsoft.AspNetCore.Hosting.Internal.WebHost|Request starting HTTP/1.1 GET http://localhost:50246/IGT/Servicio/ServiceTimer application/json; charset=utf-8 0 
2025-04-29 11:24:23.8024|INFO|Microsoft.AspNetCore.Mvc.Internal.ControllerActionInvoker|Route matched with {action = "ServiceTimer", controller = "Servicio"}. Executing controller action with signature Microsoft.AspNetCore.Mvc.ActionResult`1[System.String] serviceTimer() on controller ShoppingCenter.WebServices.Base.Controllers.ServicioController (WebServicesShoppingCenter). 
2025-04-29 11:24:23.8024|INFO|Microsoft.AspNetCore.Mvc.Internal.ControllerActionInvoker|Executing action method ShoppingCenter.WebServices.Base.Controllers.ServicioController.serviceTimer (WebServicesShoppingCenter) - Validation state: Valid 
2025-04-29 11:24:24.1915|INFO|ShoppingCenter.WebServices.Base.Log|*************** Log *************** 
2025-04-29 11:24:24.1915|INFO|ShoppingCenter.WebServices.Base.Log|*************** Log *************** |url: http://localhost/IGT/Servicio/ServiceTimer|action: ServiceTimer
2025-04-29 11:27:16.6057|INFO|Microsoft.AspNetCore.Hosting.Internal.WebHost|Request starting HTTP/1.1 GET http://localhost:50246/IGT/Servicio/ServiceTimer application/json; charset=utf-8 0 
2025-04-29 11:27:16.6151|INFO|Microsoft.AspNetCore.Mvc.Internal.ControllerActionInvoker|Route matched with {action = "ServiceTimer", controller = "Servicio"}. Executing controller action with signature Microsoft.AspNetCore.Mvc.ActionResult`1[System.String] serviceTimer() on controller ShoppingCenter.WebServices.Base.Controllers.ServicioController (WebServicesShoppingCenter). 
2025-04-29 11:27:16.6250|INFO|Microsoft.AspNetCore.Mvc.Internal.ControllerActionInvoker|Executing action method ShoppingCenter.WebServices.Base.Controllers.ServicioController.serviceTimer (WebServicesShoppingCenter) - Validation state: Valid 
2025-04-29 11:27:16.6495|INFO|Microsoft.AspNetCore.Mvc.Internal.ControllerActionInvoker|Executed action ShoppingCenter.WebServices.Base.Controllers.ServicioController.serviceTimer (WebServicesShoppingCenter) in 172851.231ms 
2025-04-29 11:27:16.6562|ERROR|Microsoft.AspNetCore.Diagnostics.DeveloperExceptionPageMiddleware|An unhandled exception has occurred while executing the request. System.NullReferenceException: Object reference not set to an instance of an object.
   at ShoppingCenter.WebServices.Base.Utilidades.ULogger.log(Int32 idTipoObjetoSap, String BdSap, String metodoHttp, String url, String request, String response, Boolean error, TipoTransaccion tipoTransaccion, String idObjetoSap, String idObjetoIntermedia, Boolean flag) in D:\Users\ricardo.solares\Desktop\Base WS\WebServices_ShoppingCenter\WebApi2\Utilidades\ULogger.cs:line 35
   at ShoppingCenter.WebServices.Base.Utilidades.ErrorGlobal..ctor(String message, String metodo, String data, String URL, Int32 idTipoObjetoSap, Int32 idObjetoSap, String idObjetoIntermedia, Boolean flag) in D:\Users\ricardo.solares\Desktop\Base WS\WebServices_ShoppingCenter\WebApi2\Utilidades\ErrorGlobal.cs:line 34
   at ShoppingCenter.WebServices.Base.Controllers.ServicioController.serviceTimer() in D:\Users\ricardo.solares\Desktop\Base WS\WebServices_ShoppingCenter\WebApi2\Controllers\ServicioController.cs:line 36
   at lambda_method(Closure , Object , Object[] )
   at Microsoft.Extensions.Internal.ObjectMethodExecutor.Execute(Object target, Object[] parameters)
   at Microsoft.AspNetCore.Mvc.Internal.ActionMethodExecutor.SyncObjectResultExecutor.Execute(IActionResultTypeMapper mapper, ObjectMethodExecutor executor, Object controller, Object[] arguments)
   at Microsoft.AspNetCore.Mvc.Internal.ControllerActionInvoker.InvokeActionMethodAsync()
   at Microsoft.AspNetCore.Mvc.Internal.ControllerActionInvoker.InvokeNextActionFilterAsync()
   at Microsoft.AspNetCore.Mvc.Internal.ControllerActionInvoker.Rethrow(ActionExecutedContext context)
   at Microsoft.AspNetCore.Mvc.Internal.ControllerActionInvoker.Next(State& next, Scope& scope, Object& state, Boolean& isCompleted)
   at Microsoft.AspNetCore.Mvc.Internal.ControllerActionInvoker.InvokeInnerFilterAsync()
   at Microsoft.AspNetCore.Mvc.Internal.ResourceInvoker.InvokeNextResourceFilter()
   at Microsoft.AspNetCore.Mvc.Internal.ResourceInvoker.Rethrow(ResourceExecutedContext context)
   at Microsoft.AspNetCore.Mvc.Internal.ResourceInvoker.Next(State& next, Scope& scope, Object& state, Boolean& isCompleted)
   at Microsoft.AspNetCore.Mvc.Internal.ResourceInvoker.InvokeFilterPipelineAsync()
   at Microsoft.AspNetCore.Mvc.Internal.ResourceInvoker.InvokeAsync()
   at Microsoft.AspNetCore.Builder.RouterMiddleware.Invoke(HttpContext httpContext)
   at Microsoft.AspNetCore.StaticFiles.StaticFileMiddleware.Invoke(HttpContext context)
   at Microsoft.AspNetCore.Diagnostics.DeveloperExceptionPageMiddleware.Invoke(HttpContext context)
2025-04-29 11:27:16.6562|ERROR|Microsoft.AspNetCore.Diagnostics.DeveloperExceptionPageMiddleware|An unhandled exception has occurred while executing the request. System.NullReferenceException: Object reference not set to an instance of an object.
   at ShoppingCenter.WebServices.Base.Utilidades.ULogger.log(Int32 idTipoObjetoSap, String BdSap, String metodoHttp, String url, String request, String response, Boolean error, TipoTransaccion tipoTransaccion, String idObjetoSap, String idObjetoIntermedia, Boolean flag) in D:\Users\ricardo.solares\Desktop\Base WS\WebServices_ShoppingCenter\WebApi2\Utilidades\ULogger.cs:line 35
   at ShoppingCenter.WebServices.Base.Utilidades.ErrorGlobal..ctor(String message, String metodo, String data, String URL, Int32 idTipoObjetoSap, Int32 idObjetoSap, String idObjetoIntermedia, Boolean flag) in D:\Users\ricardo.solares\Desktop\Base WS\WebServices_ShoppingCenter\WebApi2\Utilidades\ErrorGlobal.cs:line 34
   at ShoppingCenter.WebServices.Base.Controllers.ServicioController.serviceTimer() in D:\Users\ricardo.solares\Desktop\Base WS\WebServices_ShoppingCenter\WebApi2\Controllers\ServicioController.cs:line 36
   at lambda_method(Closure , Object , Object[] )
   at Microsoft.Extensions.Internal.ObjectMethodExecutor.Execute(Object target, Object[] parameters)
   at Microsoft.AspNetCore.Mvc.Internal.ActionMethodExecutor.SyncObjectResultExecutor.Execute(IActionResultTypeMapper mapper, ObjectMethodExecutor executor, Object controller, Object[] arguments)
   at Microsoft.AspNetCore.Mvc.Internal.ControllerActionInvoker.InvokeActionMethodAsync()
   at Microsoft.AspNetCore.Mvc.Internal.ControllerActionInvoker.InvokeNextActionFilterAsync()
   at Microsoft.AspNetCore.Mvc.Internal.ControllerActionInvoker.Rethrow(ActionExecutedContext context)
   at Microsoft.AspNetCore.Mvc.Internal.ControllerActionInvoker.Next(State& next, Scope& scope, Object& state, Boolean& isCompleted)
   at Microsoft.AspNetCore.Mvc.Internal.ControllerActionInvoker.InvokeInnerFilterAsync()
   at Microsoft.AspNetCore.Mvc.Internal.ResourceInvoker.InvokeNextResourceFilter()
   at Microsoft.AspNetCore.Mvc.Internal.ResourceInvoker.Rethrow(ResourceExecutedContext context)
   at Microsoft.AspNetCore.Mvc.Internal.ResourceInvoker.Next(State& next, Scope& scope, Object& state, Boolean& isCompleted)
   at Microsoft.AspNetCore.Mvc.Internal.ResourceInvoker.InvokeFilterPipelineAsync()
   at Microsoft.AspNetCore.Mvc.Internal.ResourceInvoker.InvokeAsync()
   at Microsoft.AspNetCore.Builder.RouterMiddleware.Invoke(HttpContext httpContext)
   at Microsoft.AspNetCore.StaticFiles.StaticFileMiddleware.Invoke(HttpContext context)
   at Microsoft.AspNetCore.Diagnostics.DeveloperExceptionPageMiddleware.Invoke(HttpContext context)|url: http://localhost/IGT/Servicio/ServiceTimer|action: ServiceTimer
2025-04-29 11:27:16.7105|INFO|Microsoft.AspNetCore.Hosting.Internal.WebHost|Request finished in 172930.9681ms 500 text/html; charset=utf-8 
2025-04-29 11:27:17.2057|INFO|ShoppingCenter.WebServices.Base.Log|*************** Log *************** 
2025-04-29 11:27:17.2057|INFO|ShoppingCenter.WebServices.Base.Log|*************** Log *************** |url: http://localhost/IGT/Servicio/ServiceTimer|action: ServiceTimer
2025-04-29 11:27:21.4639|INFO|Microsoft.AspNetCore.Mvc.Internal.ControllerActionInvoker|Executed action ShoppingCenter.WebServices.Base.Controllers.ServicioController.serviceTimer (WebServicesShoppingCenter) in 4839.292ms 
2025-04-29 11:27:21.4691|ERROR|Microsoft.AspNetCore.Diagnostics.DeveloperExceptionPageMiddleware|An unhandled exception has occurred while executing the request. System.NullReferenceException: Object reference not set to an instance of an object.
   at ShoppingCenter.WebServices.Base.Utilidades.ULogger.log(Int32 idTipoObjetoSap, String BdSap, String metodoHttp, String url, String request, String response, Boolean error, TipoTransaccion tipoTransaccion, String idObjetoSap, String idObjetoIntermedia, Boolean flag) in D:\Users\ricardo.solares\Desktop\Base WS\WebServices_ShoppingCenter\WebApi2\Utilidades\ULogger.cs:line 35
   at ShoppingCenter.WebServices.Base.Utilidades.ErrorGlobal..ctor(String message, String metodo, String data, String URL, Int32 idTipoObjetoSap, Int32 idObjetoSap, String idObjetoIntermedia, Boolean flag) in D:\Users\ricardo.solares\Desktop\Base WS\WebServices_ShoppingCenter\WebApi2\Utilidades\ErrorGlobal.cs:line 34
   at ShoppingCenter.WebServices.Base.Controllers.ServicioController.serviceTimer() in D:\Users\ricardo.solares\Desktop\Base WS\WebServices_ShoppingCenter\WebApi2\Controllers\ServicioController.cs:line 36
   at lambda_method(Closure , Object , Object[] )
   at Microsoft.Extensions.Internal.ObjectMethodExecutor.Execute(Object target, Object[] parameters)
   at Microsoft.AspNetCore.Mvc.Internal.ActionMethodExecutor.SyncObjectResultExecutor.Execute(IActionResultTypeMapper mapper, ObjectMethodExecutor executor, Object controller, Object[] arguments)
   at Microsoft.AspNetCore.Mvc.Internal.ControllerActionInvoker.InvokeActionMethodAsync()
   at Microsoft.AspNetCore.Mvc.Internal.ControllerActionInvoker.InvokeNextActionFilterAsync()
   at Microsoft.AspNetCore.Mvc.Internal.ControllerActionInvoker.Rethrow(ActionExecutedContext context)
   at Microsoft.AspNetCore.Mvc.Internal.ControllerActionInvoker.Next(State& next, Scope& scope, Object& state, Boolean& isCompleted)
   at Microsoft.AspNetCore.Mvc.Internal.ControllerActionInvoker.InvokeInnerFilterAsync()
   at Microsoft.AspNetCore.Mvc.Internal.ResourceInvoker.InvokeNextResourceFilter()
   at Microsoft.AspNetCore.Mvc.Internal.ResourceInvoker.Rethrow(ResourceExecutedContext context)
   at Microsoft.AspNetCore.Mvc.Internal.ResourceInvoker.Next(State& next, Scope& scope, Object& state, Boolean& isCompleted)
   at Microsoft.AspNetCore.Mvc.Internal.ResourceInvoker.InvokeFilterPipelineAsync()
   at Microsoft.AspNetCore.Mvc.Internal.ResourceInvoker.InvokeAsync()
   at Microsoft.AspNetCore.Builder.RouterMiddleware.Invoke(HttpContext httpContext)
   at Microsoft.AspNetCore.StaticFiles.StaticFileMiddleware.Invoke(HttpContext context)
   at Microsoft.AspNetCore.Diagnostics.DeveloperExceptionPageMiddleware.Invoke(HttpContext context)
2025-04-29 11:27:21.4691|ERROR|Microsoft.AspNetCore.Diagnostics.DeveloperExceptionPageMiddleware|An unhandled exception has occurred while executing the request. System.NullReferenceException: Object reference not set to an instance of an object.
   at ShoppingCenter.WebServices.Base.Utilidades.ULogger.log(Int32 idTipoObjetoSap, String BdSap, String metodoHttp, String url, String request, String response, Boolean error, TipoTransaccion tipoTransaccion, String idObjetoSap, String idObjetoIntermedia, Boolean flag) in D:\Users\ricardo.solares\Desktop\Base WS\WebServices_ShoppingCenter\WebApi2\Utilidades\ULogger.cs:line 35
   at ShoppingCenter.WebServices.Base.Utilidades.ErrorGlobal..ctor(String message, String metodo, String data, String URL, Int32 idTipoObjetoSap, Int32 idObjetoSap, String idObjetoIntermedia, Boolean flag) in D:\Users\ricardo.solares\Desktop\Base WS\WebServices_ShoppingCenter\WebApi2\Utilidades\ErrorGlobal.cs:line 34
   at ShoppingCenter.WebServices.Base.Controllers.ServicioController.serviceTimer() in D:\Users\ricardo.solares\Desktop\Base WS\WebServices_ShoppingCenter\WebApi2\Controllers\ServicioController.cs:line 36
   at lambda_method(Closure , Object , Object[] )
   at Microsoft.Extensions.Internal.ObjectMethodExecutor.Execute(Object target, Object[] parameters)
   at Microsoft.AspNetCore.Mvc.Internal.ActionMethodExecutor.SyncObjectResultExecutor.Execute(IActionResultTypeMapper mapper, ObjectMethodExecutor executor, Object controller, Object[] arguments)
   at Microsoft.AspNetCore.Mvc.Internal.ControllerActionInvoker.InvokeActionMethodAsync()
   at Microsoft.AspNetCore.Mvc.Internal.ControllerActionInvoker.InvokeNextActionFilterAsync()
   at Microsoft.AspNetCore.Mvc.Internal.ControllerActionInvoker.Rethrow(ActionExecutedContext context)
   at Microsoft.AspNetCore.Mvc.Internal.ControllerActionInvoker.Next(State& next, Scope& scope, Object& state, Boolean& isCompleted)
   at Microsoft.AspNetCore.Mvc.Internal.ControllerActionInvoker.InvokeInnerFilterAsync()
   at Microsoft.AspNetCore.Mvc.Internal.ResourceInvoker.InvokeNextResourceFilter()
   at Microsoft.AspNetCore.Mvc.Internal.ResourceInvoker.Rethrow(ResourceExecutedContext context)
   at Microsoft.AspNetCore.Mvc.Internal.ResourceInvoker.Next(State& next, Scope& scope, Object& state, Boolean& isCompleted)
   at Microsoft.AspNetCore.Mvc.Internal.ResourceInvoker.InvokeFilterPipelineAsync()
   at Microsoft.AspNetCore.Mvc.Internal.ResourceInvoker.InvokeAsync()
   at Microsoft.AspNetCore.Builder.RouterMiddleware.Invoke(HttpContext httpContext)
   at Microsoft.AspNetCore.StaticFiles.StaticFileMiddleware.Invoke(HttpContext context)
   at Microsoft.AspNetCore.Diagnostics.DeveloperExceptionPageMiddleware.Invoke(HttpContext context)|url: http://localhost/IGT/Servicio/ServiceTimer|action: ServiceTimer
2025-04-29 11:27:21.5101|INFO|Microsoft.AspNetCore.Hosting.Internal.WebHost|Request finished in 4905.0193ms 500 text/html; charset=utf-8 
2025-04-29 11:28:23.8168|INFO|Microsoft.AspNetCore.Hosting.Internal.WebHost|Request starting HTTP/1.1 GET http://localhost:50246/IGT/Servicio/ServiceTimer application/json; charset=utf-8 0 
2025-04-29 11:28:23.8348|INFO|Microsoft.AspNetCore.Mvc.Internal.ControllerActionInvoker|Route matched with {action = "ServiceTimer", controller = "Servicio"}. Executing controller action with signature Microsoft.AspNetCore.Mvc.ActionResult`1[System.String] serviceTimer() on controller ShoppingCenter.WebServices.Base.Controllers.ServicioController (WebServicesShoppingCenter). 
2025-04-29 11:28:23.8449|INFO|Microsoft.AspNetCore.Mvc.Internal.ControllerActionInvoker|Executing action method ShoppingCenter.WebServices.Base.Controllers.ServicioController.serviceTimer (WebServicesShoppingCenter) - Validation state: Valid 
2025-04-29 11:28:24.7169|INFO|ShoppingCenter.WebServices.Base.Log|*************** Log *************** 
2025-04-29 11:28:24.7169|INFO|ShoppingCenter.WebServices.Base.Log|*************** Log *************** |url: http://localhost/IGT/Servicio/ServiceTimer|action: ServiceTimer
