2025-05-20 08:30:05.8062|INFO|Microsoft.AspNetCore.DataProtection.KeyManagement.XmlKeyManager|User profile is available. Using 'D:\Users\ricardo.solares\AppData\Local\ASP.NET\DataProtection-Keys' as key repository and Windows DPAPI to encrypt keys at rest. 
2025-05-20 08:30:09.2093|INFO|Microsoft.AspNetCore.Hosting.Internal.WebHost|Request starting HTTP/1.1 DEBUG http://localhost:50246/  0 
2025-05-20 08:30:09.3923|INFO|Microsoft.AspNetCore.Hosting.Internal.WebHost|Request finished in 181.4972ms 200  
2025-05-20 08:32:18.4519|INFO|Microsoft.AspNetCore.Hosting.Internal.WebHost|Request starting HTTP/1.1 GET http://localhost:50246/IGT/Servicio/ServiceTimer application/json; charset=utf-8 0 
2025-05-20 08:32:21.6448|INFO|Microsoft.AspNetCore.Mvc.Internal.ControllerActionInvoker|Route matched with {action = "ServiceTimer", controller = "Servicio"}. Executing controller action with signature Microsoft.AspNetCore.Mvc.ActionResult serviceTimer() on controller ShoppingCenter.WebServices.Base.Controllers.ServicioController (WebServicesShoppingCenter). 
2025-05-20 08:32:21.7103|INFO|Microsoft.AspNetCore.Mvc.Internal.ControllerActionInvoker|Executing action method ShoppingCenter.WebServices.Base.Controllers.ServicioController.serviceTimer (WebServicesShoppingCenter) - Validation state: Valid 
2025-05-20 08:32:23.6770|INFO|Microsoft.AspNetCore.Hosting.Internal.WebHost|Request starting HTTP/1.1 GET http://localhost:50246/IGT/Consola/GetTipoIbjetos application/json; charset=utf-8 0 
2025-05-20 08:32:23.6770|INFO|Microsoft.AspNetCore.Mvc.Internal.ControllerActionInvoker|Route matched with {action = "GetTipoIbjetos", controller = "Consola"}. Executing controller action with signature Microsoft.AspNetCore.Mvc.ActionResult`1[System.String] getTipoObjetos() on controller ShoppingCenter.WebServices.Base.Controllers.ConsolaController (WebServicesShoppingCenter). 
2025-05-20 08:32:23.6770|INFO|Microsoft.AspNetCore.Mvc.Internal.ControllerActionInvoker|Executing action method ShoppingCenter.WebServices.Base.Controllers.ConsolaController.getTipoObjetos (WebServicesShoppingCenter) - Validation state: Valid 
2025-05-20 08:32:24.2142|ERROR|ShoppingCenter.WebServices.Base.Log|Ocurrió un error inesperado en getTipoObjetos. Error: ERROR [S1000] [SAP AG][LIBODBCHDB DLL][HDBODBC] General error;260 invalid column name: Estado: line 1 col 85 (at pos 84) 
2025-05-20 08:32:24.2142|ERROR|ShoppingCenter.WebServices.Base.Log|Ocurrió un error inesperado en getTipoObjetos. Error: ERROR [S1000] [SAP AG][LIBODBCHDB DLL][HDBODBC] General error;260 invalid column name: Estado: line 1 col 85 (at pos 84) |url: http://localhost/IGT/Consola/GetTipoIbjetos|action: GetTipoIbjetos
2025-05-20 08:32:24.2429|INFO|Microsoft.AspNetCore.Mvc.Internal.ControllerActionInvoker|Executed action method ShoppingCenter.WebServices.Base.Controllers.ConsolaController.getTipoObjetos (WebServicesShoppingCenter), returned result Microsoft.AspNetCore.Mvc.BadRequestObjectResult in 539.728ms. 
2025-05-20 08:32:24.2698|INFO|Microsoft.AspNetCore.Mvc.Infrastructure.ObjectResultExecutor|Executing ObjectResult, writing value of type 'System.String'. 
2025-05-20 08:32:24.2939|INFO|Microsoft.AspNetCore.Mvc.Internal.ControllerActionInvoker|Executed action ShoppingCenter.WebServices.Base.Controllers.ConsolaController.getTipoObjetos (WebServicesShoppingCenter) in 598.1976ms 
2025-05-20 08:32:24.3069|INFO|Microsoft.AspNetCore.Hosting.Internal.WebHost|Request finished in 629.8907ms 400 text/plain; charset=utf-8 
2025-05-20 08:32:27.2232|INFO|Microsoft.AspNetCore.Hosting.Internal.WebHost|Request starting HTTP/1.1 GET http://localhost:50246/IGT/Consola/ConexionIntermedia application/json; charset=utf-8 0 
2025-05-20 08:32:27.2232|INFO|Microsoft.AspNetCore.Mvc.Internal.ControllerActionInvoker|Route matched with {action = "ConexionIntermedia", controller = "Consola"}. Executing controller action with signature Microsoft.AspNetCore.Mvc.ActionResult`1[System.String] Get() on controller ShoppingCenter.WebServices.Base.Controllers.ConsolaController (WebServicesShoppingCenter). 
2025-05-20 08:32:27.2232|INFO|Microsoft.AspNetCore.Mvc.Internal.ControllerActionInvoker|Executing action method ShoppingCenter.WebServices.Base.Controllers.ConsolaController.Get (WebServicesShoppingCenter) - Validation state: Valid 
2025-05-20 08:32:27.2389|INFO|ShoppingCenter.WebServices.Base.Log|*************** Iniciando Método ConexionIntermedia *************** 
2025-05-20 08:32:27.2389|INFO|ShoppingCenter.WebServices.Base.Log|*************** Iniciando Método ConexionIntermedia *************** |url: http://localhost/IGT/Consola/ConexionIntermedia|action: ConexionIntermedia
2025-05-20 08:32:27.2389|INFO|ShoppingCenter.WebServices.Base.Log|*************** Finalizando Método ConexionIntermedia *************** 
2025-05-20 08:32:27.2389|INFO|ShoppingCenter.WebServices.Base.Log|*************** Finalizando Método ConexionIntermedia *************** |url: http://localhost/IGT/Consola/ConexionIntermedia|action: ConexionIntermedia
2025-05-20 08:32:27.2389|INFO|Microsoft.AspNetCore.Mvc.Internal.ControllerActionInvoker|Executed action method ShoppingCenter.WebServices.Base.Controllers.ConsolaController.Get (WebServicesShoppingCenter), returned result Microsoft.AspNetCore.Mvc.ObjectResult in 9.114ms. 
2025-05-20 08:32:27.2389|INFO|Microsoft.AspNetCore.Mvc.Infrastructure.ObjectResultExecutor|Executing ObjectResult, writing value of type 'System.String'. 
2025-05-20 08:32:27.2389|INFO|Microsoft.AspNetCore.Mvc.Internal.ControllerActionInvoker|Executed action ShoppingCenter.WebServices.Base.Controllers.ConsolaController.Get (WebServicesShoppingCenter) in 11.4872ms 
2025-05-20 08:32:27.2389|INFO|Microsoft.AspNetCore.Hosting.Internal.WebHost|Request finished in 25.751ms 200 text/plain; charset=utf-8 
2025-05-20 08:32:28.7300|INFO|Microsoft.AspNetCore.Hosting.Internal.WebHost|Request starting HTTP/1.1 GET http://localhost:50246/IGT/Consola/GetTipoIbjetos application/json; charset=utf-8 0 
2025-05-20 08:32:28.7300|INFO|Microsoft.AspNetCore.Mvc.Internal.ControllerActionInvoker|Route matched with {action = "GetTipoIbjetos", controller = "Consola"}. Executing controller action with signature Microsoft.AspNetCore.Mvc.ActionResult`1[System.String] getTipoObjetos() on controller ShoppingCenter.WebServices.Base.Controllers.ConsolaController (WebServicesShoppingCenter). 
2025-05-20 08:32:28.7447|INFO|Microsoft.AspNetCore.Mvc.Internal.ControllerActionInvoker|Executing action method ShoppingCenter.WebServices.Base.Controllers.ConsolaController.getTipoObjetos (WebServicesShoppingCenter) - Validation state: Valid 
2025-05-20 08:32:28.9269|ERROR|ShoppingCenter.WebServices.Base.Log|Ocurrió un error inesperado en getTipoObjetos. Error: ERROR [S1000] [SAP AG][LIBODBCHDB DLL][HDBODBC] General error;260 invalid column name: Estado: line 1 col 85 (at pos 84) 
2025-05-20 08:32:28.9269|ERROR|ShoppingCenter.WebServices.Base.Log|Ocurrió un error inesperado en getTipoObjetos. Error: ERROR [S1000] [SAP AG][LIBODBCHDB DLL][HDBODBC] General error;260 invalid column name: Estado: line 1 col 85 (at pos 84) |url: http://localhost/IGT/Consola/GetTipoIbjetos|action: GetTipoIbjetos
2025-05-20 08:32:28.9269|INFO|Microsoft.AspNetCore.Mvc.Internal.ControllerActionInvoker|Executed action method ShoppingCenter.WebServices.Base.Controllers.ConsolaController.getTipoObjetos (WebServicesShoppingCenter), returned result Microsoft.AspNetCore.Mvc.BadRequestObjectResult in 182.947ms. 
2025-05-20 08:32:28.9269|INFO|Microsoft.AspNetCore.Mvc.Infrastructure.ObjectResultExecutor|Executing ObjectResult, writing value of type 'System.String'. 
2025-05-20 08:32:28.9269|INFO|Microsoft.AspNetCore.Mvc.Internal.ControllerActionInvoker|Executed action ShoppingCenter.WebServices.Base.Controllers.ConsolaController.getTipoObjetos (WebServicesShoppingCenter) in 184.6385ms 
2025-05-20 08:32:28.9269|INFO|Microsoft.AspNetCore.Hosting.Internal.WebHost|Request finished in 199.6445ms 400 text/plain; charset=utf-8 
2025-05-20 08:32:42.0734|INFO|Microsoft.AspNetCore.Mvc.Internal.ControllerActionInvoker|Executed action method ShoppingCenter.WebServices.Base.Controllers.ServicioController.serviceTimer (WebServicesShoppingCenter), returned result Microsoft.AspNetCore.Mvc.OkObjectResult in 20362.5431ms. 
2025-05-20 08:32:42.0734|INFO|Microsoft.AspNetCore.Mvc.Infrastructure.ObjectResultExecutor|Executing ObjectResult, writing value of type 'System.String'. 
2025-05-20 08:32:42.0734|INFO|Microsoft.AspNetCore.Mvc.Internal.ControllerActionInvoker|Executed action ShoppingCenter.WebServices.Base.Controllers.ServicioController.serviceTimer (WebServicesShoppingCenter) in 20429.0711ms 
2025-05-20 08:32:42.0734|INFO|Microsoft.AspNetCore.Hosting.Internal.WebHost|Request finished in 23623.775ms 200 text/plain; charset=utf-8 
2025-05-20 08:32:44.0507|INFO|Microsoft.AspNetCore.Hosting.Internal.WebHost|Request starting HTTP/1.1 GET http://localhost:50246/IGT/Consola/ConexionSAP application/json; charset=utf-8 0 
2025-05-20 08:32:44.0507|INFO|Microsoft.AspNetCore.Mvc.Internal.ControllerActionInvoker|Route matched with {action = "ConexionSAP", controller = "Consola"}. Executing controller action with signature Microsoft.AspNetCore.Mvc.ActionResult`1[System.String] GetSap() on controller ShoppingCenter.WebServices.Base.Controllers.ConsolaController (WebServicesShoppingCenter). 
2025-05-20 08:32:44.0507|INFO|Microsoft.AspNetCore.Mvc.Internal.ControllerActionInvoker|Executing action method ShoppingCenter.WebServices.Base.Controllers.ConsolaController.GetSap (WebServicesShoppingCenter) - Validation state: Valid 
2025-05-20 08:32:44.0507|INFO|ShoppingCenter.WebServices.Base.Log|*************** Iniciando Método ConexionSAP *************** 
2025-05-20 08:32:44.0507|INFO|ShoppingCenter.WebServices.Base.Log|*************** Iniciando Método ConexionSAP *************** |url: http://localhost/IGT/Consola/ConexionSAP|action: ConexionSAP
2025-05-20 08:32:44.0507|INFO|ShoppingCenter.WebServices.Base.Log|*************** Finalizando Método ConexionSAP *************** 
2025-05-20 08:32:44.0507|INFO|ShoppingCenter.WebServices.Base.Log|*************** Finalizando Método ConexionSAP *************** |url: http://localhost/IGT/Consola/ConexionSAP|action: ConexionSAP
2025-05-20 08:32:44.0507|INFO|Microsoft.AspNetCore.Mvc.Internal.ControllerActionInvoker|Executed action method ShoppingCenter.WebServices.Base.Controllers.ConsolaController.GetSap (WebServicesShoppingCenter), returned result Microsoft.AspNetCore.Mvc.ObjectResult in 4.8122ms. 
2025-05-20 08:32:44.0507|INFO|Microsoft.AspNetCore.Mvc.Infrastructure.ObjectResultExecutor|Executing ObjectResult, writing value of type 'System.String'. 
2025-05-20 08:32:44.0507|INFO|Microsoft.AspNetCore.Mvc.Internal.ControllerActionInvoker|Executed action ShoppingCenter.WebServices.Base.Controllers.ConsolaController.GetSap (WebServicesShoppingCenter) in 6.6375ms 
2025-05-20 08:32:44.0507|INFO|Microsoft.AspNetCore.Hosting.Internal.WebHost|Request finished in 10.4268ms 200 text/plain; charset=utf-8 
2025-05-20 08:32:45.3414|INFO|Microsoft.AspNetCore.Hosting.Internal.WebHost|Request starting HTTP/1.1 GET http://localhost:50246/IGT/Consola/GetTipoIbjetos application/json; charset=utf-8 0 
2025-05-20 08:32:45.3414|INFO|Microsoft.AspNetCore.Mvc.Internal.ControllerActionInvoker|Route matched with {action = "GetTipoIbjetos", controller = "Consola"}. Executing controller action with signature Microsoft.AspNetCore.Mvc.ActionResult`1[System.String] getTipoObjetos() on controller ShoppingCenter.WebServices.Base.Controllers.ConsolaController (WebServicesShoppingCenter). 
2025-05-20 08:32:45.3414|INFO|Microsoft.AspNetCore.Mvc.Internal.ControllerActionInvoker|Executing action method ShoppingCenter.WebServices.Base.Controllers.ConsolaController.getTipoObjetos (WebServicesShoppingCenter) - Validation state: Valid 
2025-05-20 08:32:45.5422|ERROR|ShoppingCenter.WebServices.Base.Log|Ocurrió un error inesperado en getTipoObjetos. Error: ERROR [S1000] [SAP AG][LIBODBCHDB DLL][HDBODBC] General error;260 invalid column name: Estado: line 1 col 85 (at pos 84) 
2025-05-20 08:32:45.5422|ERROR|ShoppingCenter.WebServices.Base.Log|Ocurrió un error inesperado en getTipoObjetos. Error: ERROR [S1000] [SAP AG][LIBODBCHDB DLL][HDBODBC] General error;260 invalid column name: Estado: line 1 col 85 (at pos 84) |url: http://localhost/IGT/Consola/GetTipoIbjetos|action: GetTipoIbjetos
2025-05-20 08:32:45.5422|INFO|Microsoft.AspNetCore.Mvc.Internal.ControllerActionInvoker|Executed action method ShoppingCenter.WebServices.Base.Controllers.ConsolaController.getTipoObjetos (WebServicesShoppingCenter), returned result Microsoft.AspNetCore.Mvc.BadRequestObjectResult in 202.0278ms. 
2025-05-20 08:32:45.5422|INFO|Microsoft.AspNetCore.Mvc.Infrastructure.ObjectResultExecutor|Executing ObjectResult, writing value of type 'System.String'. 
2025-05-20 08:32:45.5422|INFO|Microsoft.AspNetCore.Mvc.Internal.ControllerActionInvoker|Executed action ShoppingCenter.WebServices.Base.Controllers.ConsolaController.getTipoObjetos (WebServicesShoppingCenter) in 203.7854ms 
2025-05-20 08:32:45.5422|INFO|Microsoft.AspNetCore.Hosting.Internal.WebHost|Request finished in 205.5974ms 400 text/plain; charset=utf-8 
2025-05-20 08:32:55.8128|INFO|Microsoft.AspNetCore.Hosting.Internal.WebHost|Request starting HTTP/1.1 POST http://localhost:50246/IGT/Consola/GuardarSap application/json; charset=utf-8 174 
2025-05-20 08:32:55.8299|INFO|Microsoft.AspNetCore.Mvc.Internal.ControllerActionInvoker|Route matched with {action = "GuardarSap", controller = "Consola"}. Executing controller action with signature Microsoft.AspNetCore.Mvc.ActionResult`1[System.String] PostSap(ShoppingCenter.WebServices.Base.Models.ConfiguracionDBModel) on controller ShoppingCenter.WebServices.Base.Controllers.ConsolaController (WebServicesShoppingCenter). 
2025-05-20 08:32:55.9083|INFO|Microsoft.AspNetCore.Mvc.Internal.ControllerActionInvoker|Executing action method ShoppingCenter.WebServices.Base.Controllers.ConsolaController.PostSap (WebServicesShoppingCenter) - Validation state: Valid 
2025-05-20 08:32:55.9102|INFO|ShoppingCenter.WebServices.Base.Log|*************** Iniciando Método GuardarSap *************** 
2025-05-20 08:32:55.9102|INFO|ShoppingCenter.WebServices.Base.Log|*************** Iniciando Método GuardarSap *************** |url: http://localhost/IGT/Consola/GuardarSap|action: GuardarSap
2025-05-20 08:33:01.8167|INFO|ShoppingCenter.WebServices.Base.Log|*************** Finalizando Método GuardarSap *************** 
2025-05-20 08:33:01.8167|INFO|ShoppingCenter.WebServices.Base.Log|*************** Finalizando Método GuardarSap *************** |url: http://localhost/IGT/Consola/GuardarSap|action: GuardarSap
2025-05-20 08:33:01.8167|INFO|Microsoft.AspNetCore.Mvc.Internal.ControllerActionInvoker|Executed action method ShoppingCenter.WebServices.Base.Controllers.ConsolaController.PostSap (WebServicesShoppingCenter), returned result Microsoft.AspNetCore.Mvc.ObjectResult in 5909.3323ms. 
2025-05-20 08:33:01.8167|INFO|Microsoft.AspNetCore.Mvc.Infrastructure.ObjectResultExecutor|Executing ObjectResult, writing value of type 'System.String'. 
2025-05-20 08:33:01.8167|INFO|Microsoft.AspNetCore.Mvc.Internal.ControllerActionInvoker|Executed action ShoppingCenter.WebServices.Base.Controllers.ConsolaController.PostSap (WebServicesShoppingCenter) in 5989.0409ms 
2025-05-20 08:33:01.8167|INFO|Microsoft.AspNetCore.Hosting.Internal.WebHost|Request finished in 6008.0199ms 200 text/plain; charset=utf-8 
2025-05-20 08:33:03.0651|INFO|Microsoft.AspNetCore.Hosting.Internal.WebHost|Request starting HTTP/1.1 GET http://localhost:50246/IGT/Consola/GetTipoIbjetos application/json; charset=utf-8 0 
2025-05-20 08:33:03.0651|INFO|Microsoft.AspNetCore.Mvc.Internal.ControllerActionInvoker|Route matched with {action = "GetTipoIbjetos", controller = "Consola"}. Executing controller action with signature Microsoft.AspNetCore.Mvc.ActionResult`1[System.String] getTipoObjetos() on controller ShoppingCenter.WebServices.Base.Controllers.ConsolaController (WebServicesShoppingCenter). 
2025-05-20 08:33:03.0651|INFO|Microsoft.AspNetCore.Mvc.Internal.ControllerActionInvoker|Executing action method ShoppingCenter.WebServices.Base.Controllers.ConsolaController.getTipoObjetos (WebServicesShoppingCenter) - Validation state: Valid 
2025-05-20 08:33:03.2624|ERROR|ShoppingCenter.WebServices.Base.Log|Ocurrió un error inesperado en getTipoObjetos. Error: ERROR [S1000] [SAP AG][LIBODBCHDB DLL][HDBODBC] General error;260 invalid column name: Estado: line 1 col 85 (at pos 84) 
2025-05-20 08:33:03.2624|ERROR|ShoppingCenter.WebServices.Base.Log|Ocurrió un error inesperado en getTipoObjetos. Error: ERROR [S1000] [SAP AG][LIBODBCHDB DLL][HDBODBC] General error;260 invalid column name: Estado: line 1 col 85 (at pos 84) |url: http://localhost/IGT/Consola/GetTipoIbjetos|action: GetTipoIbjetos
2025-05-20 08:33:03.2624|INFO|Microsoft.AspNetCore.Mvc.Internal.ControllerActionInvoker|Executed action method ShoppingCenter.WebServices.Base.Controllers.ConsolaController.getTipoObjetos (WebServicesShoppingCenter), returned result Microsoft.AspNetCore.Mvc.BadRequestObjectResult in 196.636ms. 
2025-05-20 08:33:03.2624|INFO|Microsoft.AspNetCore.Mvc.Infrastructure.ObjectResultExecutor|Executing ObjectResult, writing value of type 'System.String'. 
2025-05-20 08:33:03.2624|INFO|Microsoft.AspNetCore.Mvc.Internal.ControllerActionInvoker|Executed action ShoppingCenter.WebServices.Base.Controllers.ConsolaController.getTipoObjetos (WebServicesShoppingCenter) in 198.2716ms 
2025-05-20 08:33:03.2624|INFO|Microsoft.AspNetCore.Hosting.Internal.WebHost|Request finished in 200.351ms 400 text/plain; charset=utf-8 
2025-05-20 08:34:16.7051|INFO|Microsoft.AspNetCore.Hosting.Internal.WebHost|Request starting HTTP/1.1 GET http://localhost:50246/IGT/Servicio/ServiceTimer application/json; charset=utf-8 0 
2025-05-20 08:34:16.7051|INFO|Microsoft.AspNetCore.Mvc.Internal.ControllerActionInvoker|Route matched with {action = "ServiceTimer", controller = "Servicio"}. Executing controller action with signature Microsoft.AspNetCore.Mvc.ActionResult serviceTimer() on controller ShoppingCenter.WebServices.Base.Controllers.ServicioController (WebServicesShoppingCenter). 
2025-05-20 08:34:16.7335|INFO|Microsoft.AspNetCore.Mvc.Internal.ControllerActionInvoker|Executing action method ShoppingCenter.WebServices.Base.Controllers.ServicioController.serviceTimer (WebServicesShoppingCenter) - Validation state: Valid 
2025-05-20 08:34:35.0105|INFO|Microsoft.AspNetCore.Mvc.Internal.ControllerActionInvoker|Executed action method ShoppingCenter.WebServices.Base.Controllers.ServicioController.serviceTimer (WebServicesShoppingCenter), returned result Microsoft.AspNetCore.Mvc.OkObjectResult in 18270.5717ms. 
2025-05-20 08:34:35.0105|INFO|Microsoft.AspNetCore.Mvc.Infrastructure.ObjectResultExecutor|Executing ObjectResult, writing value of type 'System.String'. 
2025-05-20 08:34:35.0105|INFO|Microsoft.AspNetCore.Mvc.Internal.ControllerActionInvoker|Executed action ShoppingCenter.WebServices.Base.Controllers.ServicioController.serviceTimer (WebServicesShoppingCenter) in 18296.8755ms 
2025-05-20 08:34:35.0215|INFO|Microsoft.AspNetCore.Hosting.Internal.WebHost|Request finished in 18316.6657ms 200 text/plain; charset=utf-8 
2025-05-20 08:36:16.5980|INFO|Microsoft.AspNetCore.Hosting.Internal.WebHost|Request starting HTTP/1.1 GET http://localhost:50246/IGT/Servicio/ServiceTimer application/json; charset=utf-8 0 
2025-05-20 08:36:16.5980|INFO|Microsoft.AspNetCore.Mvc.Internal.ControllerActionInvoker|Route matched with {action = "ServiceTimer", controller = "Servicio"}. Executing controller action with signature Microsoft.AspNetCore.Mvc.ActionResult serviceTimer() on controller ShoppingCenter.WebServices.Base.Controllers.ServicioController (WebServicesShoppingCenter). 
2025-05-20 08:36:16.6184|INFO|Microsoft.AspNetCore.Mvc.Internal.ControllerActionInvoker|Executing action method ShoppingCenter.WebServices.Base.Controllers.ServicioController.serviceTimer (WebServicesShoppingCenter) - Validation state: Valid 
2025-05-20 08:36:34.6149|INFO|Microsoft.AspNetCore.Mvc.Internal.ControllerActionInvoker|Executed action method ShoppingCenter.WebServices.Base.Controllers.ServicioController.serviceTimer (WebServicesShoppingCenter), returned result Microsoft.AspNetCore.Mvc.OkObjectResult in 17982.9321ms. 
2025-05-20 08:36:34.6149|INFO|Microsoft.AspNetCore.Mvc.Infrastructure.ObjectResultExecutor|Executing ObjectResult, writing value of type 'System.String'. 
2025-05-20 08:36:34.6149|INFO|Microsoft.AspNetCore.Mvc.Internal.ControllerActionInvoker|Executed action ShoppingCenter.WebServices.Base.Controllers.ServicioController.serviceTimer (WebServicesShoppingCenter) in 18002.81ms 
2025-05-20 08:36:34.6149|INFO|Microsoft.AspNetCore.Hosting.Internal.WebHost|Request finished in 18024.9597ms 200 text/plain; charset=utf-8 
2025-05-20 08:38:16.5068|INFO|Microsoft.AspNetCore.Hosting.Internal.WebHost|Request starting HTTP/1.1 GET http://localhost:50246/IGT/Servicio/ServiceTimer application/json; charset=utf-8 0 
2025-05-20 08:38:16.5226|INFO|Microsoft.AspNetCore.Mvc.Internal.ControllerActionInvoker|Route matched with {action = "ServiceTimer", controller = "Servicio"}. Executing controller action with signature Microsoft.AspNetCore.Mvc.ActionResult serviceTimer() on controller ShoppingCenter.WebServices.Base.Controllers.ServicioController (WebServicesShoppingCenter). 
2025-05-20 08:38:16.5357|INFO|Microsoft.AspNetCore.Mvc.Internal.ControllerActionInvoker|Executing action method ShoppingCenter.WebServices.Base.Controllers.ServicioController.serviceTimer (WebServicesShoppingCenter) - Validation state: Valid 
2025-05-20 08:38:35.0376|INFO|Microsoft.AspNetCore.Mvc.Internal.ControllerActionInvoker|Executed action method ShoppingCenter.WebServices.Base.Controllers.ServicioController.serviceTimer (WebServicesShoppingCenter), returned result Microsoft.AspNetCore.Mvc.OkObjectResult in 18455.9213ms. 
2025-05-20 08:38:35.0376|INFO|Microsoft.AspNetCore.Mvc.Infrastructure.ObjectResultExecutor|Executing ObjectResult, writing value of type 'System.String'. 
2025-05-20 08:38:35.0376|INFO|Microsoft.AspNetCore.Mvc.Internal.ControllerActionInvoker|Executed action ShoppingCenter.WebServices.Base.Controllers.ServicioController.serviceTimer (WebServicesShoppingCenter) in 18510.2605ms 
2025-05-20 08:38:35.0457|INFO|Microsoft.AspNetCore.Hosting.Internal.WebHost|Request finished in 18539.1545ms 200 text/plain; charset=utf-8 
2025-05-20 08:40:16.5085|INFO|Microsoft.AspNetCore.Hosting.Internal.WebHost|Request starting HTTP/1.1 GET http://localhost:50246/IGT/Servicio/ServiceTimer application/json; charset=utf-8 0 
2025-05-20 08:40:16.5126|INFO|Microsoft.AspNetCore.Mvc.Internal.ControllerActionInvoker|Route matched with {action = "ServiceTimer", controller = "Servicio"}. Executing controller action with signature Microsoft.AspNetCore.Mvc.ActionResult serviceTimer() on controller ShoppingCenter.WebServices.Base.Controllers.ServicioController (WebServicesShoppingCenter). 
2025-05-20 08:40:16.5126|INFO|Microsoft.AspNetCore.Mvc.Internal.ControllerActionInvoker|Executing action method ShoppingCenter.WebServices.Base.Controllers.ServicioController.serviceTimer (WebServicesShoppingCenter) - Validation state: Valid 
2025-05-20 08:40:33.6520|INFO|Microsoft.AspNetCore.Mvc.Internal.ControllerActionInvoker|Executed action method ShoppingCenter.WebServices.Base.Controllers.ServicioController.serviceTimer (WebServicesShoppingCenter), returned result Microsoft.AspNetCore.Mvc.OkObjectResult in 17124.152ms. 
2025-05-20 08:40:33.6537|INFO|Microsoft.AspNetCore.Mvc.Infrastructure.ObjectResultExecutor|Executing ObjectResult, writing value of type 'System.String'. 
2025-05-20 08:40:33.6537|INFO|Microsoft.AspNetCore.Mvc.Internal.ControllerActionInvoker|Executed action ShoppingCenter.WebServices.Base.Controllers.ServicioController.serviceTimer (WebServicesShoppingCenter) in 17138.3993ms 
2025-05-20 08:40:33.6537|INFO|Microsoft.AspNetCore.Hosting.Internal.WebHost|Request finished in 17158.1694ms 200 text/plain; charset=utf-8 
2025-05-20 08:41:05.4913|INFO|Microsoft.AspNetCore.Hosting.Internal.WebHost|Request starting HTTP/1.1 POST http://localhost:50246/IGT/Consola/GuardarSap application/json; charset=utf-8 174 
2025-05-20 08:41:05.5064|INFO|Microsoft.AspNetCore.Mvc.Internal.ControllerActionInvoker|Route matched with {action = "GuardarSap", controller = "Consola"}. Executing controller action with signature Microsoft.AspNetCore.Mvc.ActionResult`1[System.String] PostSap(ShoppingCenter.WebServices.Base.Models.ConfiguracionDBModel) on controller ShoppingCenter.WebServices.Base.Controllers.ConsolaController (WebServicesShoppingCenter). 
2025-05-20 08:41:05.5453|INFO|Microsoft.AspNetCore.Mvc.Internal.ControllerActionInvoker|Executing action method ShoppingCenter.WebServices.Base.Controllers.ConsolaController.PostSap (WebServicesShoppingCenter) - Validation state: Valid 
2025-05-20 08:41:05.5453|INFO|ShoppingCenter.WebServices.Base.Log|*************** Iniciando Método GuardarSap *************** 
2025-05-20 08:41:05.5453|INFO|ShoppingCenter.WebServices.Base.Log|*************** Iniciando Método GuardarSap *************** |url: http://localhost/IGT/Consola/GuardarSap|action: GuardarSap
2025-05-20 08:41:11.5995|INFO|ShoppingCenter.WebServices.Base.Log|*************** Finalizando Método GuardarSap *************** 
2025-05-20 08:41:11.5995|INFO|ShoppingCenter.WebServices.Base.Log|*************** Finalizando Método GuardarSap *************** |url: http://localhost/IGT/Consola/GuardarSap|action: GuardarSap
2025-05-20 08:41:11.5995|INFO|Microsoft.AspNetCore.Mvc.Internal.ControllerActionInvoker|Executed action method ShoppingCenter.WebServices.Base.Controllers.ConsolaController.PostSap (WebServicesShoppingCenter), returned result Microsoft.AspNetCore.Mvc.ObjectResult in 6055.5517ms. 
2025-05-20 08:41:11.6055|INFO|Microsoft.AspNetCore.Mvc.Infrastructure.ObjectResultExecutor|Executing ObjectResult, writing value of type 'System.String'. 
2025-05-20 08:41:11.6055|INFO|Microsoft.AspNetCore.Mvc.Internal.ControllerActionInvoker|Executed action ShoppingCenter.WebServices.Base.Controllers.ConsolaController.PostSap (WebServicesShoppingCenter) in 6098.9906ms 
2025-05-20 08:41:11.6055|INFO|Microsoft.AspNetCore.Hosting.Internal.WebHost|Request finished in 6117.797ms 200 text/plain; charset=utf-8 
2025-05-20 08:41:12.8413|INFO|Microsoft.AspNetCore.Hosting.Internal.WebHost|Request starting HTTP/1.1 GET http://localhost:50246/IGT/Consola/GetTipoIbjetos application/json; charset=utf-8 0 
2025-05-20 08:41:12.8413|INFO|Microsoft.AspNetCore.Mvc.Internal.ControllerActionInvoker|Route matched with {action = "GetTipoIbjetos", controller = "Consola"}. Executing controller action with signature Microsoft.AspNetCore.Mvc.ActionResult`1[System.String] getTipoObjetos() on controller ShoppingCenter.WebServices.Base.Controllers.ConsolaController (WebServicesShoppingCenter). 
2025-05-20 08:41:12.8413|INFO|Microsoft.AspNetCore.Mvc.Internal.ControllerActionInvoker|Executing action method ShoppingCenter.WebServices.Base.Controllers.ConsolaController.getTipoObjetos (WebServicesShoppingCenter) - Validation state: Valid 
2025-05-20 08:41:13.1277|ERROR|ShoppingCenter.WebServices.Base.Log|Ocurrió un error inesperado en getTipoObjetos. Error: ERROR [S1000] [SAP AG][LIBODBCHDB DLL][HDBODBC] General error;260 invalid column name: Estado: line 1 col 85 (at pos 84) 
2025-05-20 08:41:13.1277|ERROR|ShoppingCenter.WebServices.Base.Log|Ocurrió un error inesperado en getTipoObjetos. Error: ERROR [S1000] [SAP AG][LIBODBCHDB DLL][HDBODBC] General error;260 invalid column name: Estado: line 1 col 85 (at pos 84) |url: http://localhost/IGT/Consola/GetTipoIbjetos|action: GetTipoIbjetos
2025-05-20 08:41:13.1277|INFO|Microsoft.AspNetCore.Mvc.Internal.ControllerActionInvoker|Executed action method ShoppingCenter.WebServices.Base.Controllers.ConsolaController.getTipoObjetos (WebServicesShoppingCenter), returned result Microsoft.AspNetCore.Mvc.BadRequestObjectResult in 284.7051ms. 
2025-05-20 08:41:13.1277|INFO|Microsoft.AspNetCore.Mvc.Infrastructure.ObjectResultExecutor|Executing ObjectResult, writing value of type 'System.String'. 
2025-05-20 08:41:13.1277|INFO|Microsoft.AspNetCore.Mvc.Internal.ControllerActionInvoker|Executed action ShoppingCenter.WebServices.Base.Controllers.ConsolaController.getTipoObjetos (WebServicesShoppingCenter) in 289.1613ms 
2025-05-20 08:41:13.1397|INFO|Microsoft.AspNetCore.Hosting.Internal.WebHost|Request finished in 298.3943ms 400 text/plain; charset=utf-8 
2025-05-20 08:42:16.4570|INFO|Microsoft.AspNetCore.Hosting.Internal.WebHost|Request starting HTTP/1.1 GET http://localhost:50246/IGT/Servicio/ServiceTimer application/json; charset=utf-8 0 
2025-05-20 08:42:16.4735|INFO|Microsoft.AspNetCore.Mvc.Internal.ControllerActionInvoker|Route matched with {action = "ServiceTimer", controller = "Servicio"}. Executing controller action with signature Microsoft.AspNetCore.Mvc.ActionResult serviceTimer() on controller ShoppingCenter.WebServices.Base.Controllers.ServicioController (WebServicesShoppingCenter). 
2025-05-20 08:42:16.4735|INFO|Microsoft.AspNetCore.Mvc.Internal.ControllerActionInvoker|Executing action method ShoppingCenter.WebServices.Base.Controllers.ServicioController.serviceTimer (WebServicesShoppingCenter) - Validation state: Valid 
2025-05-20 08:42:36.5051|INFO|Microsoft.AspNetCore.Mvc.Internal.ControllerActionInvoker|Executed action method ShoppingCenter.WebServices.Base.Controllers.ServicioController.serviceTimer (WebServicesShoppingCenter), returned result Microsoft.AspNetCore.Mvc.OkObjectResult in 20026.7966ms. 
2025-05-20 08:42:36.5051|INFO|Microsoft.AspNetCore.Mvc.Infrastructure.ObjectResultExecutor|Executing ObjectResult, writing value of type 'System.String'. 
2025-05-20 08:42:36.5120|INFO|Microsoft.AspNetCore.Mvc.Internal.ControllerActionInvoker|Executed action ShoppingCenter.WebServices.Base.Controllers.ServicioController.serviceTimer (WebServicesShoppingCenter) in 20034.1267ms 
2025-05-20 08:42:36.5120|INFO|Microsoft.AspNetCore.Hosting.Internal.WebHost|Request finished in 20067.2182ms 200 text/plain; charset=utf-8 
2025-05-20 08:43:03.4832|INFO|Microsoft.AspNetCore.Hosting.Internal.WebHost|Request starting HTTP/1.1 POST http://localhost:50246/IGT/Consola/GuardarSap application/json; charset=utf-8 174 
2025-05-20 08:43:03.4832|INFO|Microsoft.AspNetCore.Mvc.Internal.ControllerActionInvoker|Route matched with {action = "GuardarSap", controller = "Consola"}. Executing controller action with signature Microsoft.AspNetCore.Mvc.ActionResult`1[System.String] PostSap(ShoppingCenter.WebServices.Base.Models.ConfiguracionDBModel) on controller ShoppingCenter.WebServices.Base.Controllers.ConsolaController (WebServicesShoppingCenter). 
2025-05-20 08:43:03.5254|INFO|Microsoft.AspNetCore.Mvc.Internal.ControllerActionInvoker|Executing action method ShoppingCenter.WebServices.Base.Controllers.ConsolaController.PostSap (WebServicesShoppingCenter) - Validation state: Valid 
2025-05-20 08:43:03.5254|INFO|ShoppingCenter.WebServices.Base.Log|*************** Iniciando Método GuardarSap *************** 
2025-05-20 08:43:03.5254|INFO|ShoppingCenter.WebServices.Base.Log|*************** Iniciando Método GuardarSap *************** |url: http://localhost/IGT/Consola/GuardarSap|action: GuardarSap
2025-05-20 08:43:09.6275|INFO|ShoppingCenter.WebServices.Base.Log|*************** Finalizando Método GuardarSap *************** 
2025-05-20 08:43:09.6275|INFO|ShoppingCenter.WebServices.Base.Log|*************** Finalizando Método GuardarSap *************** |url: http://localhost/IGT/Consola/GuardarSap|action: GuardarSap
2025-05-20 08:43:09.6275|INFO|Microsoft.AspNetCore.Mvc.Internal.ControllerActionInvoker|Executed action method ShoppingCenter.WebServices.Base.Controllers.ConsolaController.PostSap (WebServicesShoppingCenter), returned result Microsoft.AspNetCore.Mvc.ObjectResult in 6103.3577ms. 
2025-05-20 08:43:09.6275|INFO|Microsoft.AspNetCore.Mvc.Infrastructure.ObjectResultExecutor|Executing ObjectResult, writing value of type 'System.String'. 
2025-05-20 08:43:09.6275|INFO|Microsoft.AspNetCore.Mvc.Internal.ControllerActionInvoker|Executed action ShoppingCenter.WebServices.Base.Controllers.ConsolaController.PostSap (WebServicesShoppingCenter) in 6129.6773ms 
2025-05-20 08:43:09.6359|INFO|Microsoft.AspNetCore.Hosting.Internal.WebHost|Request finished in 6152.8071ms 200 text/plain; charset=utf-8 
2025-05-20 08:43:11.1191|INFO|Microsoft.AspNetCore.Hosting.Internal.WebHost|Request starting HTTP/1.1 GET http://localhost:50246/IGT/Consola/GetTipoIbjetos application/json; charset=utf-8 0 
2025-05-20 08:43:11.1216|INFO|Microsoft.AspNetCore.Mvc.Internal.ControllerActionInvoker|Route matched with {action = "GetTipoIbjetos", controller = "Consola"}. Executing controller action with signature Microsoft.AspNetCore.Mvc.ActionResult`1[System.String] getTipoObjetos() on controller ShoppingCenter.WebServices.Base.Controllers.ConsolaController (WebServicesShoppingCenter). 
2025-05-20 08:43:11.1216|INFO|Microsoft.AspNetCore.Mvc.Internal.ControllerActionInvoker|Executing action method ShoppingCenter.WebServices.Base.Controllers.ConsolaController.getTipoObjetos (WebServicesShoppingCenter) - Validation state: Valid 
2025-05-20 08:43:11.3942|ERROR|ShoppingCenter.WebServices.Base.Log|Ocurrió un error inesperado en getTipoObjetos. Error: ERROR [S1000] [SAP AG][LIBODBCHDB DLL][HDBODBC] General error;260 invalid column name: Estado: line 1 col 85 (at pos 84) 
2025-05-20 08:43:11.3942|ERROR|ShoppingCenter.WebServices.Base.Log|Ocurrió un error inesperado en getTipoObjetos. Error: ERROR [S1000] [SAP AG][LIBODBCHDB DLL][HDBODBC] General error;260 invalid column name: Estado: line 1 col 85 (at pos 84) |url: http://localhost/IGT/Consola/GetTipoIbjetos|action: GetTipoIbjetos
2025-05-20 08:43:11.3942|INFO|Microsoft.AspNetCore.Mvc.Internal.ControllerActionInvoker|Executed action method ShoppingCenter.WebServices.Base.Controllers.ConsolaController.getTipoObjetos (WebServicesShoppingCenter), returned result Microsoft.AspNetCore.Mvc.BadRequestObjectResult in 272.5504ms. 
2025-05-20 08:43:11.3942|INFO|Microsoft.AspNetCore.Mvc.Infrastructure.ObjectResultExecutor|Executing ObjectResult, writing value of type 'System.String'. 
2025-05-20 08:43:11.3942|INFO|Microsoft.AspNetCore.Mvc.Internal.ControllerActionInvoker|Executed action ShoppingCenter.WebServices.Base.Controllers.ConsolaController.getTipoObjetos (WebServicesShoppingCenter) in 277.101ms 
2025-05-20 08:43:11.4019|INFO|Microsoft.AspNetCore.Hosting.Internal.WebHost|Request finished in 282.847ms 400 text/plain; charset=utf-8 
2025-05-20 08:44:16.5717|INFO|Microsoft.AspNetCore.Hosting.Internal.WebHost|Request starting HTTP/1.1 GET http://localhost:50246/IGT/Servicio/ServiceTimer application/json; charset=utf-8 0 
2025-05-20 08:44:16.5717|INFO|Microsoft.AspNetCore.Mvc.Internal.ControllerActionInvoker|Route matched with {action = "ServiceTimer", controller = "Servicio"}. Executing controller action with signature Microsoft.AspNetCore.Mvc.ActionResult serviceTimer() on controller ShoppingCenter.WebServices.Base.Controllers.ServicioController (WebServicesShoppingCenter). 
2025-05-20 08:44:16.5717|INFO|Microsoft.AspNetCore.Mvc.Internal.ControllerActionInvoker|Executing action method ShoppingCenter.WebServices.Base.Controllers.ServicioController.serviceTimer (WebServicesShoppingCenter) - Validation state: Valid 
2025-05-20 08:44:34.1253|INFO|Microsoft.AspNetCore.Mvc.Internal.ControllerActionInvoker|Executed action method ShoppingCenter.WebServices.Base.Controllers.ServicioController.serviceTimer (WebServicesShoppingCenter), returned result Microsoft.AspNetCore.Mvc.OkObjectResult in 17544.2201ms. 
2025-05-20 08:44:34.1253|INFO|Microsoft.AspNetCore.Mvc.Infrastructure.ObjectResultExecutor|Executing ObjectResult, writing value of type 'System.String'. 
2025-05-20 08:44:34.1253|INFO|Microsoft.AspNetCore.Mvc.Internal.ControllerActionInvoker|Executed action ShoppingCenter.WebServices.Base.Controllers.ServicioController.serviceTimer (WebServicesShoppingCenter) in 17548.8523ms 
2025-05-20 08:44:34.1253|INFO|Microsoft.AspNetCore.Hosting.Internal.WebHost|Request finished in 17558.7425ms 200 text/plain; charset=utf-8 
2025-05-20 08:46:16.5259|INFO|Microsoft.AspNetCore.Hosting.Internal.WebHost|Request starting HTTP/1.1 GET http://localhost:50246/IGT/Servicio/ServiceTimer application/json; charset=utf-8 0 
2025-05-20 08:46:16.5410|INFO|Microsoft.AspNetCore.Mvc.Internal.ControllerActionInvoker|Route matched with {action = "ServiceTimer", controller = "Servicio"}. Executing controller action with signature Microsoft.AspNetCore.Mvc.ActionResult serviceTimer() on controller ShoppingCenter.WebServices.Base.Controllers.ServicioController (WebServicesShoppingCenter). 
2025-05-20 08:46:16.5553|INFO|Microsoft.AspNetCore.Mvc.Internal.ControllerActionInvoker|Executing action method ShoppingCenter.WebServices.Base.Controllers.ServicioController.serviceTimer (WebServicesShoppingCenter) - Validation state: Valid 
2025-05-20 08:46:35.3103|INFO|Microsoft.AspNetCore.Mvc.Internal.ControllerActionInvoker|Executed action method ShoppingCenter.WebServices.Base.Controllers.ServicioController.serviceTimer (WebServicesShoppingCenter), returned result Microsoft.AspNetCore.Mvc.OkObjectResult in 18741.5146ms. 
2025-05-20 08:46:35.3103|INFO|Microsoft.AspNetCore.Mvc.Infrastructure.ObjectResultExecutor|Executing ObjectResult, writing value of type 'System.String'. 
2025-05-20 08:46:35.3103|INFO|Microsoft.AspNetCore.Mvc.Internal.ControllerActionInvoker|Executed action ShoppingCenter.WebServices.Base.Controllers.ServicioController.serviceTimer (WebServicesShoppingCenter) in 18763.1845ms 
2025-05-20 08:46:35.3287|INFO|Microsoft.AspNetCore.Hosting.Internal.WebHost|Request finished in 18803.5967ms 200 text/plain; charset=utf-8 
2025-05-20 08:48:16.5254|INFO|Microsoft.AspNetCore.Hosting.Internal.WebHost|Request starting HTTP/1.1 GET http://localhost:50246/IGT/Servicio/ServiceTimer application/json; charset=utf-8 0 
2025-05-20 08:48:16.5254|INFO|Microsoft.AspNetCore.Mvc.Internal.ControllerActionInvoker|Route matched with {action = "ServiceTimer", controller = "Servicio"}. Executing controller action with signature Microsoft.AspNetCore.Mvc.ActionResult serviceTimer() on controller ShoppingCenter.WebServices.Base.Controllers.ServicioController (WebServicesShoppingCenter). 
2025-05-20 08:48:16.5254|INFO|Microsoft.AspNetCore.Mvc.Internal.ControllerActionInvoker|Executing action method ShoppingCenter.WebServices.Base.Controllers.ServicioController.serviceTimer (WebServicesShoppingCenter) - Validation state: Valid 
2025-05-20 08:48:27.1792|INFO|Microsoft.AspNetCore.Mvc.Internal.ControllerActionInvoker|Executed action method ShoppingCenter.WebServices.Base.Controllers.ServicioController.serviceTimer (WebServicesShoppingCenter), returned result Microsoft.AspNetCore.Mvc.OkObjectResult in 10648.6214ms. 
2025-05-20 08:48:27.1792|INFO|Microsoft.AspNetCore.Mvc.Infrastructure.ObjectResultExecutor|Executing ObjectResult, writing value of type 'System.String'. 
2025-05-20 08:48:27.1792|INFO|Microsoft.AspNetCore.Mvc.Internal.ControllerActionInvoker|Executed action ShoppingCenter.WebServices.Base.Controllers.ServicioController.serviceTimer (WebServicesShoppingCenter) in 10654.9475ms 
2025-05-20 08:48:27.1792|INFO|Microsoft.AspNetCore.Hosting.Internal.WebHost|Request finished in 10659.452ms 200 text/plain; charset=utf-8 
